#
# A fatal error has been detected by the Java Runtime Environment:
#
#  EXCEPTION_ACCESS_VIOLATION (0xc0000005) at pc=0x00007ffa518f4ede, pid=9180, tid=14596
#
# JRE version: Java(TM) SE Runtime Environment (12.0.2+10) (build 12.0.2+10)
# Java VM: Java HotSpot(TM) 64-Bit Server VM (12.0.2+10, mixed mode, sharing, tiered, compressed oops, g1 gc, windows-amd64)
# Problematic frame:
# V  [jvm.dll+0x5f4ede]
#
# No core dump will be written. Minidumps are not enabled by default on client versions of Windows
#
# If you would like to submit a bug report, please visit:
#   http://bugreport.java.com/bugreport/crash.jsp
#

---------------  S U M M A R Y ------------

Command Line: -agentlib:jdwp=transport=dt_socket,suspend=y,address=localhost:52435 -javaagent:C:\Users\merli\eclipse\java-2019-06\eclipse\configuration\org.eclipse.osgi\226\0\.cp\lib\javaagent-shaded.jar -Dfile.encoding=Cp1252 DoublyLinkedList

Host: Intel(R) Core(TM) i7-8565U CPU @ 1.80GHz, 8 cores, 7G,  Windows 10 , 64 bit Build 18362 (10.0.18362.1110)
Time: Tue Oct 20 12:29:12 2020 GMT Daylight Time elapsed time: 705 seconds (0d 0h 11m 45s)

---------------  T H R E A D  ---------------

Current thread (0x00000291ca0d3800):  VMThread "VM Thread" [stack: 0x000000e7c7400000,0x000000e7c7500000] [id=14596]

Stack: [0x000000e7c7400000,0x000000e7c7500000],  sp=0x000000e7c74ff2d0,  free space=1020k
Native frames: (J=compiled Java code, j=interpreted, Vv=VM code, C=native code)
V  [jvm.dll+0x5f4ede]
V  [jvm.dll+0x50a241]
V  [jvm.dll+0x1ebf0b]
V  [jvm.dll+0x1edd8e]
V  [jvm.dll+0x50a353]
V  [jvm.dll+0x78f7cc]
V  [jvm.dll+0x793637]
V  [jvm.dll+0x793e8b]
V  [jvm.dll+0x7941d7]
V  [jvm.dll+0x74a2c8]
V  [jvm.dll+0x639b16]
C  [ucrtbase.dll+0x210b2]
C  [KERNEL32.DLL+0x17c24]
C  [ntdll.dll+0x6cea1]


siginfo: EXCEPTION_ACCESS_VIOLATION (0xc0000005), reading address 0x0000000000b20130


Register to memory mapping:

RIP=0x00007ffa518f4ede jvm.dll
RAX=0x00000291ca0ce3d0 points into unknown readable memory: 00 00 00 00 00 00 00 00
RBX=0x00000291ca57d370 is pointing into metadata
RCX=0x0000000000000008 is an unknown value
RDX=0x0000000000000003 is an unknown value
RSP=0x000000e7c74ff2d0 points into unknown readable memory: a8 85 bc 51 fa 7f 00 00
RBP=0x000000e7c74ff4d8 points into unknown readable memory: 30 6c bc 51 fa 7f 00 00
RSI=0x0000000000b20000 is an unknown value
RDI=0x000000000000000d is an unknown value
R8 =0x00000291ca0c8ef0 points into unknown readable memory: 02 00 00 00 00 00 00 00
R9 =0x00007ffa632d0000 ucrtbase.dll
R10=0x000000e7c74fefd7 points into unknown readable memory: 34
R11=0x000000e7c74fecf0 points into unknown readable memory: 00 00 00 00 00 00 00 00
R12=0x00007ffa51b551c0 jvm.dll
R13=0x00007ffa51dda800 jvm.dll
R14=0x0 is NULL
R15=0x00000000000003d8 is an unknown value


Registers:
RAX=0x00000291ca0ce3d0, RBX=0x00000291ca57d370, RCX=0x0000000000000008, RDX=0x0000000000000003
RSP=0x000000e7c74ff2d0, RBP=0x000000e7c74ff4d8, RSI=0x0000000000b20000, RDI=0x000000000000000d
R8 =0x00000291ca0c8ef0, R9 =0x00007ffa632d0000, R10=0x000000e7c74fefd7, R11=0x000000e7c74fecf0
R12=0x00007ffa51b551c0, R13=0x00007ffa51dda800, R14=0x0000000000000000, R15=0x00000000000003d8
RIP=0x00007ffa518f4ede, EFLAGS=0x0000000000010202

Top of Stack: (sp=0x000000e7c74ff2d0)
0x000000e7c74ff2d0:   00007ffa51bc85a8 00007ffa5181907f
0x000000e7c74ff2e0:   000000e7c74ff340 00007ffa5180aeb6
0x000000e7c74ff2f0:   00000000000003d8 0000000000000000
0x000000e7c74ff300:   00007ffa51dda800 00007ffa51b551c0
0x000000e7c74ff310:   000000e7c74ff4d8 00007ffa5180a241
0x000000e7c74ff320:   0000000000000004 00007ffa5180c992
0x000000e7c74ff330:   000000008bb6a630 00007ffa51bc85a8
0x000000e7c74ff340:   000000e7c74ff4d8 00007ffa514ebf0b
0x000000e7c74ff350:   00000008011fb200 000000008b90b3c0
0x000000e7c74ff360:   00000291ca10fe20 00007ffa51bc6c20
0x000000e7c74ff370:   00000291ca0c8ef0 00007ffa514edd8e
0x000000e7c74ff380:   00000291cab28380 00000008011faf90
0x000000e7c74ff390:   0000000000000000 0000000000000000
0x000000e7c74ff3a0:   00000291cab28d80 00000291ca0d3800
0x000000e7c74ff3b0:   00000291ca0c8ef0 00000291ca0d4170
0x000000e7c74ff3c0:   00000291ca0d4180 00000291ca0d4258 

Instructions: (pc=0x00007ffa518f4ede)
0x00007ffa518f4dde:   8b 5c 24 40 48 8b 74 24 48 48 83 c4 20 41 5e c3
0x00007ffa518f4dee:   cc cc 48 89 5c 24 08 48 89 6c 24 10 48 89 74 24
0x00007ffa518f4dfe:   18 57 48 83 ec 20 0f b6 f2 48 8b f9 e8 11 fe ff
0x00007ffa518f4e0e:   ff 33 ed 8b dd 39 1d 37 64 4a 00 76 7f 0f 1f 44
0x00007ffa518f4e1e:   00 00 8b 0d 22 ee 41 00 48 8b 47 08 03 cb 03 c9
0x00007ffa518f4e2e:   48 63 d1 48 8b 44 d0 18 48 85 c0 74 55 40 84 f6
0x00007ffa518f4e3e:   75 1c 48 8b 40 08 48 8b 48 08 48 8b 41 18 48 8b
0x00007ffa518f4e4e:   88 98 00 00 00 e8 e8 75 bf ff 84 c0 75 34 48 8b
0x00007ffa518f4e5e:   47 08 48 89 68 10 8b 0d de ed 41 00 48 8b 47 08
0x00007ffa518f4e6e:   03 cb 03 c9 48 63 d1 48 89 6c d0 18 8b 0d c8 ed
0x00007ffa518f4e7e:   41 00 48 8b 47 08 03 cb 03 c9 48 63 d1 48 89 6c
0x00007ffa518f4e8e:   d0 20 ff c3 3b 1d b8 63 4a 00 72 86 48 8b 5c 24
0x00007ffa518f4e9e:   30 48 8b 6c 24 38 48 8b 74 24 40 48 83 c4 20 5f
0x00007ffa518f4eae:   c3 cc 40 55 41 54 41 55 41 56 41 57 48 83 ec 20
0x00007ffa518f4ebe:   8b 15 40 b0 4e 00 65 48 8b 04 25 58 00 00 00 48
0x00007ffa518f4ece:   89 74 24 60 48 8b f1 b9 08 00 00 00 48 8b 04 d0
0x00007ffa518f4ede:   83 be 30 01 00 00 00 48 8b 14 08 48 8b aa 68 02
0x00007ffa518f4eee:   00 00 4c 8b 75 10 4c 8b 7d 18 4c 8b 65 20 4c 8b
0x00007ffa518f4efe:   6d 28 7e 6c 48 8d 8e 38 01 00 00 48 89 5c 24 58
0x00007ffa518f4f0e:   e8 bd 0a 00 00 48 8b d8 48 85 c0 74 4e 48 89 7c
0x00007ffa518f4f1e:   24 68 48 8b 03 48 8b cb ff 90 88 00 00 00 48 8b
0x00007ffa518f4f2e:   03 48 8b cb 48 8b 7b 08 ff 10 8d 04 c5 d0 fe ff
0x00007ffa518f4f3e:   ff 2b c6 03 c7 3b 86 30 01 00 00 7d 19 48 98 48
0x00007ffa518f4f4e:   8d 8e 38 01 00 00 48 03 c8 e8 74 0a 00 00 48 8b
0x00007ffa518f4f5e:   d8 48 85 c0 75 bc 48 8b 7c 24 68 48 8b 5c 24 58
0x00007ffa518f4f6e:   48 8d 05 d3 2f 2e 00 48 8b ce 48 8d 54 24 50 48
0x00007ffa518f4f7e:   89 44 24 50 e8 29 f9 ff ff 49 83 3e 00 48 8b 74
0x00007ffa518f4f8e:   24 60 74 13 49 8b d5 48 8b cd e8 c3 0d ad ff 49
0x00007ffa518f4f9e:   8b ce e8 9b 0d ad ff 4c 89 75 10 4c 89 7d 18 4c
0x00007ffa518f4fae:   89 65 20 48 83 c4 20 41 5f 41 5e 41 5d 41 5c 5d
0x00007ffa518f4fbe:   c3 cc 48 89 5c 24 08 4c 8b 0d 84 62 4a 00 33 db
0x00007ffa518f4fce:   4c 8b d9 8b c3 45 85 c9 74 6a 0f 1f 84 00 00 00 


Stack slot to memory mapping:
stack at sp + 0 slots: 0x00007ffa51bc85a8 jvm.dll
stack at sp + 1 slots: 0x00007ffa5181907f jvm.dll
stack at sp + 2 slots: 0x000000e7c74ff340 points into unknown readable memory: d8 f4 4f c7 e7 00 00 00
stack at sp + 3 slots: 0x00007ffa5180aeb6 jvm.dll
stack at sp + 4 slots: 0x00000000000003d8 is an unknown value
stack at sp + 5 slots: 0x0 is NULL
stack at sp + 6 slots: 0x00007ffa51dda800 jvm.dll
stack at sp + 7 slots: 0x00007ffa51b551c0 jvm.dll

VM_Operation (0x000000e7c7eff330): RedefineClasses, mode: safepoint, requested by thread 0x00000291cac5a000, redefining class DoublyLinkedList



---------------  P R O C E S S  ---------------

Threads class SMR info:
_java_thread_list=0x00000291cacb88d0, length=13, elements={
0x00000291ab5d8000, 0x00000291ca0d5000, 0x00000291ca0d6000, 0x00000291ca0ee000,
0x00000291ca0f0800, 0x00000291ca0f1800, 0x00000291ca0fd000, 0x00000291ca0ff000,
0x00000291ca0ba800, 0x00000291cac5a000, 0x00000291cac5b000, 0x00000291cac13800,
0x00000291cacd4800
}

Java Threads: ( => current thread )
  0x00000291ab5d8000 JavaThread "main" [_thread_blocked, id=6272, stack(0x000000e7c6e00000,0x000000e7c6f00000)]
  0x00000291ca0d5000 JavaThread "Reference Handler" daemon [_thread_blocked, id=6624, stack(0x000000e7c7500000,0x000000e7c7600000)]
  0x00000291ca0d6000 JavaThread "Finalizer" daemon [_thread_blocked, id=11260, stack(0x000000e7c7600000,0x000000e7c7700000)]
  0x00000291ca0ee000 JavaThread "Signal Dispatcher" daemon [_thread_blocked, id=10100, stack(0x000000e7c7700000,0x000000e7c7800000)]
  0x00000291ca0f0800 JavaThread "Attach Listener" daemon [_thread_blocked, id=3524, stack(0x000000e7c7800000,0x000000e7c7900000)]
  0x00000291ca0f1800 JavaThread "C2 CompilerThread0" daemon [_thread_blocked, id=7020, stack(0x000000e7c7900000,0x000000e7c7a00000)]
  0x00000291ca0fd000 JavaThread "C1 CompilerThread0" daemon [_thread_blocked, id=15152, stack(0x000000e7c7a00000,0x000000e7c7b00000)]
  0x00000291ca0ff000 JavaThread "Sweeper thread" daemon [_thread_blocked, id=10268, stack(0x000000e7c7b00000,0x000000e7c7c00000)]
  0x00000291ca0ba800 JavaThread "Common-Cleaner" daemon [_thread_blocked, id=14868, stack(0x000000e7c7c00000,0x000000e7c7d00000)]
  0x00000291cac5a000 JavaThread "JDWP Transport Listener: dt_socket" daemon [_thread_blocked, id=9856, stack(0x000000e7c7e00000,0x000000e7c7f00000)]
  0x00000291cac5b000 JavaThread "JDWP Event Helper Thread" daemon [_thread_blocked, id=10992, stack(0x000000e7c7f00000,0x000000e7c8000000)]
  0x00000291cac13800 JavaThread "JDWP Command Reader" daemon [_thread_in_native, id=9168, stack(0x000000e7c8000000,0x000000e7c8100000)]
  0x00000291cacd4800 JavaThread "Service Thread" daemon [_thread_blocked, id=12800, stack(0x000000e7c7d00000,0x000000e7c7e00000)]

Other Threads:
=>0x00000291ca0d3800 VMThread "VM Thread" [stack: 0x000000e7c7400000,0x000000e7c7500000] [id=14596]
  0x00000291cacce000 WatcherThread [stack: 0x000000e7c8100000,0x000000e7c8200000] [id=13720]
  0x00000291ab617800 GCTaskThread "GC Thread#0" [stack: 0x000000e7c6f00000,0x000000e7c7000000] [id=15072]
  0x00000291ab624800 ConcurrentGCThread "G1 Main Marker" [stack: 0x000000e7c7000000,0x000000e7c7100000] [id=13320]
  0x00000291ab627800 ConcurrentGCThread "G1 Conc#0" [stack: 0x000000e7c7100000,0x000000e7c7200000] [id=14300]
  0x00000291c9f40800 ConcurrentGCThread "G1 Refine#0" [stack: 0x000000e7c7200000,0x000000e7c7300000] [id=6608]
  0x00000291c9f41000 ConcurrentGCThread "G1 Young RemSet Sampling" [stack: 0x000000e7c7300000,0x000000e7c7400000] [id=14804]

Threads with active compile tasks:
C1 CompilerThread0   411       3       org.eclipse.jdt.launching.internal.org.objectweb.asm.Label::resolve (219 bytes)

VM state:at safepoint (normal execution)

VM Mutex/Monitor currently owned by a thread:  ([mutex/lock_event])
[0x00000291ab5d42c0] Threads_lock - owner thread: 0x00000291ca0d3800

Heap address: 0x0000000084000000, size: 1984 MB, Compressed Oops mode: 32-bit
Narrow klass base: 0x0000000800000000, Narrow klass shift: 3
Compressed class space size: 1073741824 Address: 0x0000000801190000

Heap:
 garbage-first heap   total 126976K, used 4096K [0x0000000084000000, 0x0000000100000000)
  region size 1024K, 5 young (5120K), 0 survivors (0K)
 Metaspace       used 2636K, capacity 4909K, committed 5120K, reserved 1056768K
  class space    used 241K, capacity 443K, committed 512K, reserved 1048576K
Heap Regions: E=young(eden), S=young(survivor), O=old, HS=humongous(starts), HC=humongous(continues), CS=collection set, F=free, A=archive, TAMS=top-at-mark-start (previous, next)
|   0|0x0000000084000000, 0x0000000084000000, 0x0000000084100000|  0%| F|  |TAMS 0x0000000084000000, 0x0000000084000000| Untracked 
|   1|0x0000000084100000, 0x0000000084100000, 0x0000000084200000|  0%| F|  |TAMS 0x0000000084100000, 0x0000000084100000| Untracked 
|   2|0x0000000084200000, 0x0000000084200000, 0x0000000084300000|  0%| F|  |TAMS 0x0000000084200000, 0x0000000084200000| Untracked 
|   3|0x0000000084300000, 0x0000000084300000, 0x0000000084400000|  0%| F|  |TAMS 0x0000000084300000, 0x0000000084300000| Untracked 
|   4|0x0000000084400000, 0x0000000084400000, 0x0000000084500000|  0%| F|  |TAMS 0x0000000084400000, 0x0000000084400000| Untracked 
|   5|0x0000000084500000, 0x0000000084500000, 0x0000000084600000|  0%| F|  |TAMS 0x0000000084500000, 0x0000000084500000| Untracked 
|   6|0x0000000084600000, 0x0000000084600000, 0x0000000084700000|  0%| F|  |TAMS 0x0000000084600000, 0x0000000084600000| Untracked 
|   7|0x0000000084700000, 0x0000000084700000, 0x0000000084800000|  0%| F|  |TAMS 0x0000000084700000, 0x0000000084700000| Untracked 
|   8|0x0000000084800000, 0x0000000084800000, 0x0000000084900000|  0%| F|  |TAMS 0x0000000084800000, 0x0000000084800000| Untracked 
|   9|0x0000000084900000, 0x0000000084900000, 0x0000000084a00000|  0%| F|  |TAMS 0x0000000084900000, 0x0000000084900000| Untracked 
|  10|0x0000000084a00000, 0x0000000084a00000, 0x0000000084b00000|  0%| F|  |TAMS 0x0000000084a00000, 0x0000000084a00000| Untracked 
|  11|0x0000000084b00000, 0x0000000084b00000, 0x0000000084c00000|  0%| F|  |TAMS 0x0000000084b00000, 0x0000000084b00000| Untracked 
|  12|0x0000000084c00000, 0x0000000084c00000, 0x0000000084d00000|  0%| F|  |TAMS 0x0000000084c00000, 0x0000000084c00000| Untracked 
|  13|0x0000000084d00000, 0x0000000084d00000, 0x0000000084e00000|  0%| F|  |TAMS 0x0000000084d00000, 0x0000000084d00000| Untracked 
|  14|0x0000000084e00000, 0x0000000084e00000, 0x0000000084f00000|  0%| F|  |TAMS 0x0000000084e00000, 0x0000000084e00000| Untracked 
|  15|0x0000000084f00000, 0x0000000084f00000, 0x0000000085000000|  0%| F|  |TAMS 0x0000000084f00000, 0x0000000084f00000| Untracked 
|  16|0x0000000085000000, 0x0000000085000000, 0x0000000085100000|  0%| F|  |TAMS 0x0000000085000000, 0x0000000085000000| Untracked 
|  17|0x0000000085100000, 0x0000000085100000, 0x0000000085200000|  0%| F|  |TAMS 0x0000000085100000, 0x0000000085100000| Untracked 
|  18|0x0000000085200000, 0x0000000085200000, 0x0000000085300000|  0%| F|  |TAMS 0x0000000085200000, 0x0000000085200000| Untracked 
|  19|0x0000000085300000, 0x0000000085300000, 0x0000000085400000|  0%| F|  |TAMS 0x0000000085300000, 0x0000000085300000| Untracked 
|  20|0x0000000085400000, 0x0000000085400000, 0x0000000085500000|  0%| F|  |TAMS 0x0000000085400000, 0x0000000085400000| Untracked 
|  21|0x0000000085500000, 0x0000000085500000, 0x0000000085600000|  0%| F|  |TAMS 0x0000000085500000, 0x0000000085500000| Untracked 
|  22|0x0000000085600000, 0x0000000085600000, 0x0000000085700000|  0%| F|  |TAMS 0x0000000085600000, 0x0000000085600000| Untracked 
|  23|0x0000000085700000, 0x0000000085700000, 0x0000000085800000|  0%| F|  |TAMS 0x0000000085700000, 0x0000000085700000| Untracked 
|  24|0x0000000085800000, 0x0000000085800000, 0x0000000085900000|  0%| F|  |TAMS 0x0000000085800000, 0x0000000085800000| Untracked 
|  25|0x0000000085900000, 0x0000000085900000, 0x0000000085a00000|  0%| F|  |TAMS 0x0000000085900000, 0x0000000085900000| Untracked 
|  26|0x0000000085a00000, 0x0000000085a00000, 0x0000000085b00000|  0%| F|  |TAMS 0x0000000085a00000, 0x0000000085a00000| Untracked 
|  27|0x0000000085b00000, 0x0000000085b00000, 0x0000000085c00000|  0%| F|  |TAMS 0x0000000085b00000, 0x0000000085b00000| Untracked 
|  28|0x0000000085c00000, 0x0000000085c00000, 0x0000000085d00000|  0%| F|  |TAMS 0x0000000085c00000, 0x0000000085c00000| Untracked 
|  29|0x0000000085d00000, 0x0000000085d00000, 0x0000000085e00000|  0%| F|  |TAMS 0x0000000085d00000, 0x0000000085d00000| Untracked 
|  30|0x0000000085e00000, 0x0000000085e00000, 0x0000000085f00000|  0%| F|  |TAMS 0x0000000085e00000, 0x0000000085e00000| Untracked 
|  31|0x0000000085f00000, 0x0000000085f00000, 0x0000000086000000|  0%| F|  |TAMS 0x0000000085f00000, 0x0000000085f00000| Untracked 
|  32|0x0000000086000000, 0x0000000086000000, 0x0000000086100000|  0%| F|  |TAMS 0x0000000086000000, 0x0000000086000000| Untracked 
|  33|0x0000000086100000, 0x0000000086100000, 0x0000000086200000|  0%| F|  |TAMS 0x0000000086100000, 0x0000000086100000| Untracked 
|  34|0x0000000086200000, 0x0000000086200000, 0x0000000086300000|  0%| F|  |TAMS 0x0000000086200000, 0x0000000086200000| Untracked 
|  35|0x0000000086300000, 0x0000000086300000, 0x0000000086400000|  0%| F|  |TAMS 0x0000000086300000, 0x0000000086300000| Untracked 
|  36|0x0000000086400000, 0x0000000086400000, 0x0000000086500000|  0%| F|  |TAMS 0x0000000086400000, 0x0000000086400000| Untracked 
|  37|0x0000000086500000, 0x0000000086500000, 0x0000000086600000|  0%| F|  |TAMS 0x0000000086500000, 0x0000000086500000| Untracked 
|  38|0x0000000086600000, 0x0000000086600000, 0x0000000086700000|  0%| F|  |TAMS 0x0000000086600000, 0x0000000086600000| Untracked 
|  39|0x0000000086700000, 0x0000000086700000, 0x0000000086800000|  0%| F|  |TAMS 0x0000000086700000, 0x0000000086700000| Untracked 
|  40|0x0000000086800000, 0x0000000086800000, 0x0000000086900000|  0%| F|  |TAMS 0x0000000086800000, 0x0000000086800000| Untracked 
|  41|0x0000000086900000, 0x0000000086900000, 0x0000000086a00000|  0%| F|  |TAMS 0x0000000086900000, 0x0000000086900000| Untracked 
|  42|0x0000000086a00000, 0x0000000086a00000, 0x0000000086b00000|  0%| F|  |TAMS 0x0000000086a00000, 0x0000000086a00000| Untracked 
|  43|0x0000000086b00000, 0x0000000086b00000, 0x0000000086c00000|  0%| F|  |TAMS 0x0000000086b00000, 0x0000000086b00000| Untracked 
|  44|0x0000000086c00000, 0x0000000086c00000, 0x0000000086d00000|  0%| F|  |TAMS 0x0000000086c00000, 0x0000000086c00000| Untracked 
|  45|0x0000000086d00000, 0x0000000086d00000, 0x0000000086e00000|  0%| F|  |TAMS 0x0000000086d00000, 0x0000000086d00000| Untracked 
|  46|0x0000000086e00000, 0x0000000086e00000, 0x0000000086f00000|  0%| F|  |TAMS 0x0000000086e00000, 0x0000000086e00000| Untracked 
|  47|0x0000000086f00000, 0x0000000086f00000, 0x0000000087000000|  0%| F|  |TAMS 0x0000000086f00000, 0x0000000086f00000| Untracked 
|  48|0x0000000087000000, 0x0000000087000000, 0x0000000087100000|  0%| F|  |TAMS 0x0000000087000000, 0x0000000087000000| Untracked 
|  49|0x0000000087100000, 0x0000000087100000, 0x0000000087200000|  0%| F|  |TAMS 0x0000000087100000, 0x0000000087100000| Untracked 
|  50|0x0000000087200000, 0x0000000087200000, 0x0000000087300000|  0%| F|  |TAMS 0x0000000087200000, 0x0000000087200000| Untracked 
|  51|0x0000000087300000, 0x0000000087300000, 0x0000000087400000|  0%| F|  |TAMS 0x0000000087300000, 0x0000000087300000| Untracked 
|  52|0x0000000087400000, 0x0000000087400000, 0x0000000087500000|  0%| F|  |TAMS 0x0000000087400000, 0x0000000087400000| Untracked 
|  53|0x0000000087500000, 0x0000000087500000, 0x0000000087600000|  0%| F|  |TAMS 0x0000000087500000, 0x0000000087500000| Untracked 
|  54|0x0000000087600000, 0x0000000087600000, 0x0000000087700000|  0%| F|  |TAMS 0x0000000087600000, 0x0000000087600000| Untracked 
|  55|0x0000000087700000, 0x0000000087700000, 0x0000000087800000|  0%| F|  |TAMS 0x0000000087700000, 0x0000000087700000| Untracked 
|  56|0x0000000087800000, 0x0000000087800000, 0x0000000087900000|  0%| F|  |TAMS 0x0000000087800000, 0x0000000087800000| Untracked 
|  57|0x0000000087900000, 0x0000000087900000, 0x0000000087a00000|  0%| F|  |TAMS 0x0000000087900000, 0x0000000087900000| Untracked 
|  58|0x0000000087a00000, 0x0000000087a00000, 0x0000000087b00000|  0%| F|  |TAMS 0x0000000087a00000, 0x0000000087a00000| Untracked 
|  59|0x0000000087b00000, 0x0000000087b00000, 0x0000000087c00000|  0%| F|  |TAMS 0x0000000087b00000, 0x0000000087b00000| Untracked 
|  60|0x0000000087c00000, 0x0000000087c00000, 0x0000000087d00000|  0%| F|  |TAMS 0x0000000087c00000, 0x0000000087c00000| Untracked 
|  61|0x0000000087d00000, 0x0000000087d00000, 0x0000000087e00000|  0%| F|  |TAMS 0x0000000087d00000, 0x0000000087d00000| Untracked 
|  62|0x0000000087e00000, 0x0000000087e00000, 0x0000000087f00000|  0%| F|  |TAMS 0x0000000087e00000, 0x0000000087e00000| Untracked 
|  63|0x0000000087f00000, 0x0000000087f00000, 0x0000000088000000|  0%| F|  |TAMS 0x0000000087f00000, 0x0000000087f00000| Untracked 
|  64|0x0000000088000000, 0x0000000088000000, 0x0000000088100000|  0%| F|  |TAMS 0x0000000088000000, 0x0000000088000000| Untracked 
|  65|0x0000000088100000, 0x0000000088100000, 0x0000000088200000|  0%| F|  |TAMS 0x0000000088100000, 0x0000000088100000| Untracked 
|  66|0x0000000088200000, 0x0000000088200000, 0x0000000088300000|  0%| F|  |TAMS 0x0000000088200000, 0x0000000088200000| Untracked 
|  67|0x0000000088300000, 0x0000000088300000, 0x0000000088400000|  0%| F|  |TAMS 0x0000000088300000, 0x0000000088300000| Untracked 
|  68|0x0000000088400000, 0x0000000088400000, 0x0000000088500000|  0%| F|  |TAMS 0x0000000088400000, 0x0000000088400000| Untracked 
|  69|0x0000000088500000, 0x0000000088500000, 0x0000000088600000|  0%| F|  |TAMS 0x0000000088500000, 0x0000000088500000| Untracked 
|  70|0x0000000088600000, 0x0000000088600000, 0x0000000088700000|  0%| F|  |TAMS 0x0000000088600000, 0x0000000088600000| Untracked 
|  71|0x0000000088700000, 0x0000000088700000, 0x0000000088800000|  0%| F|  |TAMS 0x0000000088700000, 0x0000000088700000| Untracked 
|  72|0x0000000088800000, 0x0000000088800000, 0x0000000088900000|  0%| F|  |TAMS 0x0000000088800000, 0x0000000088800000| Untracked 
|  73|0x0000000088900000, 0x0000000088900000, 0x0000000088a00000|  0%| F|  |TAMS 0x0000000088900000, 0x0000000088900000| Untracked 
|  74|0x0000000088a00000, 0x0000000088a00000, 0x0000000088b00000|  0%| F|  |TAMS 0x0000000088a00000, 0x0000000088a00000| Untracked 
|  75|0x0000000088b00000, 0x0000000088b00000, 0x0000000088c00000|  0%| F|  |TAMS 0x0000000088b00000, 0x0000000088b00000| Untracked 
|  76|0x0000000088c00000, 0x0000000088c00000, 0x0000000088d00000|  0%| F|  |TAMS 0x0000000088c00000, 0x0000000088c00000| Untracked 
|  77|0x0000000088d00000, 0x0000000088d00000, 0x0000000088e00000|  0%| F|  |TAMS 0x0000000088d00000, 0x0000000088d00000| Untracked 
|  78|0x0000000088e00000, 0x0000000088e00000, 0x0000000088f00000|  0%| F|  |TAMS 0x0000000088e00000, 0x0000000088e00000| Untracked 
|  79|0x0000000088f00000, 0x0000000088f00000, 0x0000000089000000|  0%| F|  |TAMS 0x0000000088f00000, 0x0000000088f00000| Untracked 
|  80|0x0000000089000000, 0x0000000089000000, 0x0000000089100000|  0%| F|  |TAMS 0x0000000089000000, 0x0000000089000000| Untracked 
|  81|0x0000000089100000, 0x0000000089100000, 0x0000000089200000|  0%| F|  |TAMS 0x0000000089100000, 0x0000000089100000| Untracked 
|  82|0x0000000089200000, 0x0000000089200000, 0x0000000089300000|  0%| F|  |TAMS 0x0000000089200000, 0x0000000089200000| Untracked 
|  83|0x0000000089300000, 0x0000000089300000, 0x0000000089400000|  0%| F|  |TAMS 0x0000000089300000, 0x0000000089300000| Untracked 
|  84|0x0000000089400000, 0x0000000089400000, 0x0000000089500000|  0%| F|  |TAMS 0x0000000089400000, 0x0000000089400000| Untracked 
|  85|0x0000000089500000, 0x0000000089500000, 0x0000000089600000|  0%| F|  |TAMS 0x0000000089500000, 0x0000000089500000| Untracked 
|  86|0x0000000089600000, 0x0000000089600000, 0x0000000089700000|  0%| F|  |TAMS 0x0000000089600000, 0x0000000089600000| Untracked 
|  87|0x0000000089700000, 0x0000000089700000, 0x0000000089800000|  0%| F|  |TAMS 0x0000000089700000, 0x0000000089700000| Untracked 
|  88|0x0000000089800000, 0x0000000089800000, 0x0000000089900000|  0%| F|  |TAMS 0x0000000089800000, 0x0000000089800000| Untracked 
|  89|0x0000000089900000, 0x0000000089900000, 0x0000000089a00000|  0%| F|  |TAMS 0x0000000089900000, 0x0000000089900000| Untracked 
|  90|0x0000000089a00000, 0x0000000089a00000, 0x0000000089b00000|  0%| F|  |TAMS 0x0000000089a00000, 0x0000000089a00000| Untracked 
|  91|0x0000000089b00000, 0x0000000089b00000, 0x0000000089c00000|  0%| F|  |TAMS 0x0000000089b00000, 0x0000000089b00000| Untracked 
|  92|0x0000000089c00000, 0x0000000089c00000, 0x0000000089d00000|  0%| F|  |TAMS 0x0000000089c00000, 0x0000000089c00000| Untracked 
|  93|0x0000000089d00000, 0x0000000089d00000, 0x0000000089e00000|  0%| F|  |TAMS 0x0000000089d00000, 0x0000000089d00000| Untracked 
|  94|0x0000000089e00000, 0x0000000089e00000, 0x0000000089f00000|  0%| F|  |TAMS 0x0000000089e00000, 0x0000000089e00000| Untracked 
|  95|0x0000000089f00000, 0x0000000089f00000, 0x000000008a000000|  0%| F|  |TAMS 0x0000000089f00000, 0x0000000089f00000| Untracked 
|  96|0x000000008a000000, 0x000000008a000000, 0x000000008a100000|  0%| F|  |TAMS 0x000000008a000000, 0x000000008a000000| Untracked 
|  97|0x000000008a100000, 0x000000008a100000, 0x000000008a200000|  0%| F|  |TAMS 0x000000008a100000, 0x000000008a100000| Untracked 
|  98|0x000000008a200000, 0x000000008a200000, 0x000000008a300000|  0%| F|  |TAMS 0x000000008a200000, 0x000000008a200000| Untracked 
|  99|0x000000008a300000, 0x000000008a300000, 0x000000008a400000|  0%| F|  |TAMS 0x000000008a300000, 0x000000008a300000| Untracked 
| 100|0x000000008a400000, 0x000000008a400000, 0x000000008a500000|  0%| F|  |TAMS 0x000000008a400000, 0x000000008a400000| Untracked 
| 101|0x000000008a500000, 0x000000008a500000, 0x000000008a600000|  0%| F|  |TAMS 0x000000008a500000, 0x000000008a500000| Untracked 
| 102|0x000000008a600000, 0x000000008a600000, 0x000000008a700000|  0%| F|  |TAMS 0x000000008a600000, 0x000000008a600000| Untracked 
| 103|0x000000008a700000, 0x000000008a700000, 0x000000008a800000|  0%| F|  |TAMS 0x000000008a700000, 0x000000008a700000| Untracked 
| 104|0x000000008a800000, 0x000000008a800000, 0x000000008a900000|  0%| F|  |TAMS 0x000000008a800000, 0x000000008a800000| Untracked 
| 105|0x000000008a900000, 0x000000008a900000, 0x000000008aa00000|  0%| F|  |TAMS 0x000000008a900000, 0x000000008a900000| Untracked 
| 106|0x000000008aa00000, 0x000000008aa00000, 0x000000008ab00000|  0%| F|  |TAMS 0x000000008aa00000, 0x000000008aa00000| Untracked 
| 107|0x000000008ab00000, 0x000000008ab00000, 0x000000008ac00000|  0%| F|  |TAMS 0x000000008ab00000, 0x000000008ab00000| Untracked 
| 108|0x000000008ac00000, 0x000000008ac00000, 0x000000008ad00000|  0%| F|  |TAMS 0x000000008ac00000, 0x000000008ac00000| Untracked 
| 109|0x000000008ad00000, 0x000000008ad00000, 0x000000008ae00000|  0%| F|  |TAMS 0x000000008ad00000, 0x000000008ad00000| Untracked 
| 110|0x000000008ae00000, 0x000000008ae00000, 0x000000008af00000|  0%| F|  |TAMS 0x000000008ae00000, 0x000000008ae00000| Untracked 
| 111|0x000000008af00000, 0x000000008af00000, 0x000000008b000000|  0%| F|  |TAMS 0x000000008af00000, 0x000000008af00000| Untracked 
| 112|0x000000008b000000, 0x000000008b000000, 0x000000008b100000|  0%| F|  |TAMS 0x000000008b000000, 0x000000008b000000| Untracked 
| 113|0x000000008b100000, 0x000000008b100000, 0x000000008b200000|  0%| F|  |TAMS 0x000000008b100000, 0x000000008b100000| Untracked 
| 114|0x000000008b200000, 0x000000008b200000, 0x000000008b300000|  0%| F|  |TAMS 0x000000008b200000, 0x000000008b200000| Untracked 
| 115|0x000000008b300000, 0x000000008b300000, 0x000000008b400000|  0%| F|  |TAMS 0x000000008b300000, 0x000000008b300000| Untracked 
| 116|0x000000008b400000, 0x000000008b400000, 0x000000008b500000|  0%| F|  |TAMS 0x000000008b400000, 0x000000008b400000| Untracked 
| 117|0x000000008b500000, 0x000000008b500000, 0x000000008b600000|  0%| F|  |TAMS 0x000000008b500000, 0x000000008b500000| Untracked 
| 118|0x000000008b600000, 0x000000008b600000, 0x000000008b700000|  0%| F|  |TAMS 0x000000008b600000, 0x000000008b600000| Untracked 
| 119|0x000000008b700000, 0x000000008b78b9c8, 0x000000008b800000| 54%| E|  |TAMS 0x000000008b700000, 0x000000008b700000| Complete 
| 120|0x000000008b800000, 0x000000008b900000, 0x000000008b900000|100%| E|CS|TAMS 0x000000008b800000, 0x000000008b800000| Complete 
| 121|0x000000008b900000, 0x000000008ba00000, 0x000000008ba00000|100%| E|CS|TAMS 0x000000008b900000, 0x000000008b900000| Complete 
| 122|0x000000008ba00000, 0x000000008bb00000, 0x000000008bb00000|100%| E|CS|TAMS 0x000000008ba00000, 0x000000008ba00000| Complete 
| 123|0x000000008bb00000, 0x000000008bc00000, 0x000000008bc00000|100%| E|CS|TAMS 0x000000008bb00000, 0x000000008bb00000| Complete 

Card table byte_map: [0x00000291c30f0000,0x00000291c34d0000] _byte_map_base: 0x00000291c2cd0000

Marking Bits (Prev, Next): (CMBitMap*) 0x00000291ab6183c8, (CMBitMap*) 0x00000291ab618408
 Prev Bits: [0x00000291c38b0000, 0x00000291c57b0000)
 Next Bits: [0x00000291c57b0000, 0x00000291c76b0000)

Polling page: 0x00000291a9730000

Metaspace:

Usage:
  Non-class:      4.36 MB capacity,     2.34 MB ( 54%) used,     2.02 MB ( 46%) free+waste,     2.75 KB ( <1%) overhead. 
      Class:    443.00 KB capacity,   241.65 KB ( 55%) used,   199.79 KB ( 45%) free+waste,     1.56 KB ( <1%) overhead. 
       Both:      4.79 MB capacity,     2.57 MB ( 54%) used,     2.22 MB ( 46%) free+waste,     4.31 KB ( <1%) overhead. 

Virtual space:
  Non-class space:        8.00 MB reserved,       4.50 MB ( 56%) committed 
      Class space:        1.00 GB reserved,     512.00 KB ( <1%) committed 
             Both:        1.01 GB reserved,       5.00 MB ( <1%) committed 

Chunk freelists:
   Non-Class:  1.75 KB
       Class:  640 bytes
        Both:  2.38 KB

CodeHeap 'non-profiled nmethods': size=120000Kb used=117Kb max_used=117Kb free=119882Kb
 bounds [0x00000291bb4b0000, 0x00000291bb720000, 0x00000291c29e0000]
CodeHeap 'profiled nmethods': size=120000Kb used=601Kb max_used=601Kb free=119398Kb
 bounds [0x00000291b3f80000, 0x00000291b41f0000, 0x00000291bb4b0000]
CodeHeap 'non-nmethods': size=5760Kb used=1159Kb max_used=1173Kb free=4600Kb
 bounds [0x00000291b39e0000, 0x00000291b3c50000, 0x00000291b3f80000]
 total_blobs=863 nmethods=409 adapters=273
 compilation: enabled
              stopped_count=0, restarted_count=0
 full_count=0

Compilation events (10 events):
Event: 638.882 Thread 0x00000291ca0fd000 nmethod 407 0x00000291b4013e90 code [0x00000291b4014060, 0x00000291b40142b8]
Event: 638.882 Thread 0x00000291ca0fd000  405       3       java.lang.String::<init> (74 bytes)
Event: 638.884 Thread 0x00000291ca0fd000 nmethod 405 0x00000291b4014410 code [0x00000291b4014640, 0x00000291b4014d60]
Event: 638.884 Thread 0x00000291ca0fd000  404       3       org.eclipse.jdt.launching.internal.org.objectweb.asm.ByteVector::put12 (64 bytes)
Event: 638.884 Thread 0x00000291ca0fd000 nmethod 404 0x00000291b4015010 code [0x00000291b40151e0, 0x00000291b4015490]
Event: 705.028 Thread 0x00000291ca0fd000  408       3       org.eclipse.jdt.launching.internal.org.objectweb.asm.ByteVector::<init> (13 bytes)
Event: 705.029 Thread 0x00000291ca0fd000 nmethod 408 0x00000291b4015610 code [0x00000291b40157e0, 0x00000291b4015ab8]
Event: 705.029 Thread 0x00000291ca0fd000  409       3       org.eclipse.jdt.launching.internal.org.objectweb.asm.MethodWriter::visitInsn (115 bytes)
Event: 705.029 Thread 0x00000291ca0fd000 nmethod 409 0x00000291b4015b90 code [0x00000291b4015da0, 0x00000291b40162d0]
Event: 705.029 Thread 0x00000291ca0fd000  411       3       org.eclipse.jdt.launching.internal.org.objectweb.asm.Label::resolve (219 bytes)

GC Heap History (0 events):
No events

Deoptimization events (3 events):
Event: 0.282 Thread 0x00000291ab5d8000 Uncommon trap: reason=class_check action=maybe_recompile pc=0x00000291bb4bdf30 method=java.util.HashMap.putVal(ILjava/lang/Object;Ljava/lang/Object;ZZ)Ljava/lang/Object; @ 152 c2
Event: 0.298 Thread 0x00000291ab5d8000 Uncommon trap: reason=unstable_if action=reinterpret pc=0x00000291bb4be038 method=java.util.HashMap.putVal(ILjava/lang/Object;Ljava/lang/Object;ZZ)Ljava/lang/Object; @ 181 c2
Event: 0.390 Thread 0x00000291ab5d8000 Uncommon trap: reason=unstable_if action=reinterpret pc=0x00000291bb4be9a8 method=java.lang.String.isLatin1()Z @ 10 c2

Classes redefined (4 events):
Event: 301.551 Thread 0x00000291ca0d3800 redefined class name=DoublyLinkedList, count=1
Event: 411.170 Thread 0x00000291ca0d3800 redefined class name=DoublyLinkedList, count=2
Event: 638.883 Thread 0x00000291ca0d3800 redefined class name=DoublyLinkedList, count=3
Event: 705.031 Thread 0x00000291ca0d3800 redefined class name=DoublyLinkedList, count=4

Internal exceptions (0 events):
No events

Events (10 events):
Event: 675.048 Executing VM operation: ChangeBreakpoints done
Event: 677.285 Executing VM operation: ChangeBreakpoints
Event: 677.286 Executing VM operation: ChangeBreakpoints done
Event: 679.014 Executing VM operation: ChangeBreakpoints
Event: 679.015 Executing VM operation: ChangeBreakpoints done
Event: 682.215 Executing VM operation: ChangeBreakpoints
Event: 682.215 Executing VM operation: ChangeBreakpoints done
Event: 683.930 Executing VM operation: ChangeBreakpoints
Event: 683.931 Executing VM operation: ChangeBreakpoints done
Event: 705.029 Executing VM operation: RedefineClasses


Dynamic libraries:
0x00007ff72c170000 - 0x00007ff72c17f000 	C:\Program Files\Java\jdk-12.0.2\bin\javaw.exe
0x00007ffa65540000 - 0x00007ffa65730000 	C:\Windows\SYSTEM32\ntdll.dll
0x00007ffa64550000 - 0x00007ffa64602000 	C:\Windows\System32\KERNEL32.DLL
0x00007ffa62680000 - 0x00007ffa62925000 	C:\Windows\System32\KERNELBASE.dll
0x00007ffa632d0000 - 0x00007ffa633ca000 	C:\Windows\System32\ucrtbase.dll
0x00007ffa5e5b0000 - 0x00007ffa5e5c8000 	C:\Program Files\Java\jdk-12.0.2\bin\jli.dll
0x00007ffa5e590000 - 0x00007ffa5e5a6000 	C:\Program Files\Java\jdk-12.0.2\bin\VCRUNTIME140.dll
0x00007ffa64920000 - 0x00007ffa649c3000 	C:\Windows\System32\ADVAPI32.dll
0x00007ffa647d0000 - 0x00007ffa6486e000 	C:\Windows\System32\msvcrt.dll
0x00007ffa65460000 - 0x00007ffa654f7000 	C:\Windows\System32\sechost.dll
0x00007ffa636f0000 - 0x00007ffa63810000 	C:\Windows\System32\RPCRT4.dll
0x00007ffa64630000 - 0x00007ffa647c4000 	C:\Windows\System32\USER32.dll
0x00007ffa62650000 - 0x00007ffa62671000 	C:\Windows\System32\win32u.dll
0x00007ffa63b50000 - 0x00007ffa63b76000 	C:\Windows\System32\GDI32.dll
0x00007ffa46530000 - 0x00007ffa467b4000 	C:\Windows\WinSxS\amd64_microsoft.windows.common-controls_6595b64144ccf1df_6.0.18362.1139_none_9e7bf2d3e4605ac6\COMCTL32.dll
0x00007ffa630e0000 - 0x00007ffa63276000 	C:\Windows\System32\gdi32full.dll
0x00007ffa62530000 - 0x00007ffa625ce000 	C:\Windows\System32\msvcp_win.dll
0x00007ffa63810000 - 0x00007ffa63b45000 	C:\Windows\System32\combase.dll
0x00007ffa625d0000 - 0x00007ffa62650000 	C:\Windows\System32\bcryptPrimitives.dll
0x00007ffa55e40000 - 0x00007ffa55e4a000 	C:\Windows\SYSTEM32\VERSION.dll
0x00007ffa635f0000 - 0x00007ffa6361e000 	C:\Windows\System32\IMM32.DLL
0x00007ffa53800000 - 0x00007ffa538aa000 	C:\Program Files\Java\jdk-12.0.2\bin\msvcp140.dll
0x00007ffa51300000 - 0x00007ffa51e77000 	C:\Program Files\Java\jdk-12.0.2\bin\server\jvm.dll
0x00007ffa64540000 - 0x00007ffa64548000 	C:\Windows\System32\PSAPI.DLL
0x00007ffa24cc0000 - 0x00007ffa24cc9000 	C:\Windows\SYSTEM32\WSOCK32.dll
0x00007ffa5f070000 - 0x00007ffa5f094000 	C:\Windows\SYSTEM32\WINMM.dll
0x00007ffa65290000 - 0x00007ffa652ff000 	C:\Windows\System32\WS2_32.dll
0x00007ffa5f040000 - 0x00007ffa5f06d000 	C:\Windows\SYSTEM32\winmmbase.dll
0x00007ffa63280000 - 0x00007ffa632ca000 	C:\Windows\System32\cfgmgr32.dll
0x00007ffa624b0000 - 0x00007ffa624c1000 	C:\Windows\System32\kernel.appcore.dll
0x00007ffa55e20000 - 0x00007ffa55e31000 	C:\Program Files\Java\jdk-12.0.2\bin\verify.dll
0x00007ffa5c5c0000 - 0x00007ffa5c7b4000 	C:\Windows\SYSTEM32\DBGHELP.DLL
0x00007ffa41b10000 - 0x00007ffa41b3a000 	C:\Windows\SYSTEM32\dbgcore.DLL
0x00007ffa54800000 - 0x00007ffa54826000 	C:\Program Files\Java\jdk-12.0.2\bin\java.dll
0x00007ffa54860000 - 0x00007ffa54898000 	C:\Program Files\Java\jdk-12.0.2\bin\jdwp.dll
0x00007ffa59120000 - 0x00007ffa5912e000 	C:\Program Files\Java\jdk-12.0.2\bin\instrument.dll
0x00007ffa548c0000 - 0x00007ffa548d7000 	C:\Program Files\Java\jdk-12.0.2\bin\zip.dll
0x00007ffa5fd40000 - 0x00007ffa5fd4a000 	C:\Program Files\Java\jdk-12.0.2\bin\jimage.dll
0x00007ffa63dd0000 - 0x00007ffa644b7000 	C:\Windows\System32\SHELL32.dll
0x00007ffa64870000 - 0x00007ffa64919000 	C:\Windows\System32\shcore.dll
0x00007ffa62930000 - 0x00007ffa630b0000 	C:\Windows\System32\windows.storage.dll
0x00007ffa62460000 - 0x00007ffa62483000 	C:\Windows\System32\profapi.dll
0x00007ffa62410000 - 0x00007ffa6245a000 	C:\Windows\System32\powrprof.dll
0x00007ffa62400000 - 0x00007ffa62410000 	C:\Windows\System32\UMPDC.dll
0x00007ffa649d0000 - 0x00007ffa64a22000 	C:\Windows\System32\shlwapi.dll
0x00007ffa635d0000 - 0x00007ffa635e7000 	C:\Windows\System32\cryptsp.dll
0x00007ffa54580000 - 0x00007ffa5458a000 	C:\Program Files\Java\jdk-12.0.2\bin\dt_socket.dll
0x00007ffa61c50000 - 0x00007ffa61cb7000 	C:\Windows\System32\mswsock.dll
0x00007ffa619a0000 - 0x00007ffa61a6b000 	C:\Windows\SYSTEM32\DNSAPI.dll
0x00007ffa64530000 - 0x00007ffa64538000 	C:\Windows\System32\NSI.dll
0x00007ffa61960000 - 0x00007ffa6199a000 	C:\Windows\SYSTEM32\IPHLPAPI.DLL
0x000000006f2f0000 - 0x000000006f2fa000 	C:\Program Files\National Instruments\Shared\mDNS Responder\nimdnsNSP.dll
0x000000006f2e0000 - 0x000000006f2f0000 	C:\Windows\SYSTEM32\nimdnsResponder.dll
0x00007ffa588f0000 - 0x00007ffa58967000 	C:\Windows\System32\fwpuclnt.dll
0x00007ffa630b0000 - 0x00007ffa630d6000 	C:\Windows\System32\bcrypt.dll
0x00007ffa55e90000 - 0x00007ffa55e9a000 	C:\Windows\System32\rasadhlp.dll
0x00007ffa547e0000 - 0x00007ffa547f9000 	C:\Program Files\Java\jdk-12.0.2\bin\net.dll
0x00007ffa5dec0000 - 0x00007ffa5dfb0000 	C:\Windows\SYSTEM32\WINHTTP.dll
0x00007ffa4ef70000 - 0x00007ffa4f146000 	C:\Windows\SYSTEM32\urlmon.dll
0x00007ffa4ecc0000 - 0x00007ffa4ef67000 	C:\Windows\SYSTEM32\iertutil.dll
0x00007ffa61e20000 - 0x00007ffa61e2c000 	C:\Windows\SYSTEM32\CRYPTBASE.DLL
0x00007ffa547b0000 - 0x00007ffa547c3000 	C:\Program Files\Java\jdk-12.0.2\bin\nio.dll

dbghelp: loaded successfully - version: 4.0.5 - missing functions: none
symbol engine: initialized successfully - sym options: 0x614 - pdb path: .;C:\Program Files\Java\jdk-12.0.2\bin;C:\Windows\SYSTEM32;C:\Windows\WinSxS\amd64_microsoft.windows.common-controls_6595b64144ccf1df_6.0.18362.1139_none_9e7bf2d3e4605ac6;C:\Program Files\Java\jdk-12.0.2\bin\server;C:\Program Files\National Instruments\Shared\mDNS Responder

VM Arguments:
jvm_args: -agentlib:jdwp=transport=dt_socket,suspend=y,address=localhost:52435 -javaagent:C:\Users\merli\eclipse\java-2019-06\eclipse\configuration\org.eclipse.osgi\226\0\.cp\lib\javaagent-shaded.jar -Dfile.encoding=Cp1252 
java_command: DoublyLinkedList
java_class_path (initial): C:\Users\merli\eclipse-workspace\DoublyLinkedList\bin;C:\Users\merli\.p2\pool\plugins\org.junit_4.12.0.v201504281640\junit.jar;C:\Users\merli\.p2\pool\plugins\org.hamcrest.core_1.3.0.v20180420-1519.jar
Launcher Type: SUN_STANDARD

[Global flags]
     intx CICompilerCount                          = 4                                         {product} {ergonomic}
     uint ConcGCThreads                            = 2                                         {product} {ergonomic}
     uint G1ConcRefinementThreads                  = 8                                         {product} {ergonomic}
   size_t G1HeapRegionSize                         = 1048576                                   {product} {ergonomic}
    uintx GCDrainStackTargetSize                   = 64                                        {product} {ergonomic}
   size_t InitialHeapSize                          = 130023424                                 {product} {ergonomic}
   size_t MarkStackSize                            = 4194304                                   {product} {ergonomic}
   size_t MaxHeapSize                              = 2080374784                                {product} {ergonomic}
   size_t MaxNewSize                               = 1247805440                                {product} {ergonomic}
   size_t MinHeapDeltaBytes                        = 1048576                                   {product} {ergonomic}
    uintx NonNMethodCodeHeapSize                   = 5836300                                {pd product} {ergonomic}
    uintx NonProfiledCodeHeapSize                  = 122910970                              {pd product} {ergonomic}
    uintx ProfiledCodeHeapSize                     = 122910970                              {pd product} {ergonomic}
    uintx ReservedCodeCacheSize                    = 251658240                              {pd product} {ergonomic}
     bool SegmentedCodeCache                       = true                                      {product} {ergonomic}
     bool UseCompressedClassPointers               = true                                 {lp64_product} {ergonomic}
     bool UseCompressedOops                        = true                                 {lp64_product} {ergonomic}
     bool UseG1GC                                  = true                                      {product} {ergonomic}
     bool UseLargePagesIndividualAllocation        = false                                  {pd product} {ergonomic}

Logging:
Log output configuration:
 #0: stdout all=warning uptime,level,tags
 #1: stderr all=off uptime,level,tags

Environment Variables:
PATH=C:/Program Files/Java/jdk-12.0.2/bin/server;C:/Program Files/Java/jdk-12.0.2/bin;C:\Windows\system32;C:\Windows;C:\Windows\System32\Wbem;C:\Windows\System32\WindowsPowerShell\v1.0\;C:\Windows\System32\OpenSSH\;C:\Program Files (x86)\Calibre2\;C:\Program Files\MATLAB\R2019b\bin;C:\Program Files\TortoiseSVN\bin;C:\Users\merli\AppData\Local\Microsoft\WindowsApps;;C:\Users\merli\AppData\Local\Programs\Microsoft VS Code\bin;C:\Users\merli\OneDrive\Desktop;
USERNAME=merli
OS=Windows_NT
PROCESSOR_IDENTIFIER=Intel64 Family 6 Model 142 Stepping 12, GenuineIntel



---------------  S Y S T E M  ---------------

OS: Windows 10 , 64 bit Build 18362 (10.0.18362.1110)

CPU:total 8 (initial active 8) (4 cores per cpu, 2 threads per core) family 6 model 142 stepping 12, cmov, cx8, fxsr, mmx, sse, sse2, sse3, ssse3, sse4.1, sse4.2, popcnt, avx, avx2, aes, clmul, erms, 3dnowpref, lzcnt, ht, tsc, tscinvbit, bmi1, bmi2, adx, fma

Memory: 4k page, system-wide physical 7933M (3194M free)
TotalPageFile size 10365M (AvailPageFile size 2610M)
current process WorkingSet (physical memory assigned to process): 40M, peak: 42M
current process commit charge ("private bytes"): 218M, peak: 220M

vm_info: Java HotSpot(TM) 64-Bit Server VM (12.0.2+10) for windows-amd64 JRE (12.0.2+10), built on Jul 16 2019 01:56:17 by "mach5one" with MS VC++ 15.5 (VS2017)

END.
