#
# A fatal error has been detected by the Java Runtime Environment:
#
#  EXCEPTION_ACCESS_VIOLATION (0xc0000005) at pc=0x00007ffcc1c61d7b, pid=11628, tid=3560
#
# JRE version: Java(TM) SE Runtime Environment (12.0.2+10) (build 12.0.2+10)
# Java VM: Java HotSpot(TM) 64-Bit Server VM (12.0.2+10, mixed mode, sharing, tiered, compressed oops, g1 gc, windows-amd64)
# Problematic frame:
# V  [jvm.dll+0x6c1d7b]
#
# No core dump will be written. Minidumps are not enabled by default on client versions of Windows
#
# If you would like to submit a bug report, please visit:
#   http://bugreport.java.com/bugreport/crash.jsp
#

---------------  S U M M A R Y ------------

Command Line: -agentlib:jdwp=transport=dt_socket,suspend=y,address=localhost:50609 -ea -javaagent:C:\Users\merli\eclipse\java-2019-06\eclipse\configuration\org.eclipse.osgi\226\0\.cp\lib\javaagent-shaded.jar -Dfile.encoding=Cp1252 org.eclipse.jdt.internal.junit.runner.RemoteTestRunner -version 3 -port 50608 -testLoaderClass org.eclipse.jdt.internal.junit4.runner.JUnit4TestLoader -loaderpluginname org.eclipse.jdt.junit4.runtime -classNames SortComparisonTest

Host: Intel(R) Core(TM) i7-8565U CPU @ 1.80GHz, 8 cores, 7G,  Windows 10 , 64 bit Build 18362 (10.0.18362.1350)
Time: Sat Feb 13 14:45:50 2021 GMT Standard Time elapsed time: 314 seconds (0d 0h 5m 14s)

---------------  T H R E A D  ---------------

Current thread (0x0000022029c0e800):  VMThread "VM Thread" [stack: 0x0000009e2cc00000,0x0000009e2cd00000] [id=3560]

Stack: [0x0000009e2cc00000,0x0000009e2cd00000],  sp=0x0000009e2ccfebe0,  free space=1018k
Native frames: (J=compiled Java code, j=interpreted, Vv=VM code, C=native code)
V  [jvm.dll+0x6c1d7b]
V  [jvm.dll+0x34e323]
V  [jvm.dll+0x350269]
V  [jvm.dll+0x350aee]
V  [jvm.dll+0x34df8c]
V  [jvm.dll+0x34d232]
V  [jvm.dll+0x629765]
V  [jvm.dll+0x6294ed]
V  [jvm.dll+0x5f07aa]
V  [jvm.dll+0x505327]
V  [jvm.dll+0x78f7cc]
V  [jvm.dll+0x793637]
V  [jvm.dll+0x793e8b]
V  [jvm.dll+0x7941d7]
V  [jvm.dll+0x74a2c8]
V  [jvm.dll+0x639b16]
C  [ucrtbase.dll+0x210b2]
C  [KERNEL32.DLL+0x17c24]
C  [ntdll.dll+0x6d721]


siginfo: EXCEPTION_ACCESS_VIOLATION (0xc0000005), reading address 0x0000000000000006


Register to memory mapping:

RIP=0x00007ffcc1c61d7b jvm.dll
RAX=0x0000009e2ccfec70 points into unknown readable memory: 5e 00 00 46 00 00 00 00
RBX=0x0000009e2ccfec40 points into unknown readable memory: 10 02 e4 c1 fc 7f 00 00
RCX=0x0 is NULL
RDX=0x0 is NULL
RSP=0x0000009e2ccfebe0 points into unknown readable memory: 40 ec cf 2c 9e 00 00 00
RBP=0x0000009e2ccff150 points into unknown readable memory: 18 5a bf 29 20 02 00 00
RSI=0x0 is NULL
RDI=0x0 is NULL
R8 =0x0 is NULL
R9 =0x000002202a0d4d78 is pointing into metadata
R10=0x00007ffcc15a0000 jvm.dll
R11=0x0000009e2ccff0a0 points into unknown readable memory: 20 f1 cf 2c 9e 00 00 00
R12=0x0000022029bf56f0 points into unknown readable memory: 00 b1 e7 c1 00 00 00 00
R13=0x0 is NULL
R14=0x000002202a0d54f9 is pointing into metadata
R15=0x0000000000000065 is an unknown value


Registers:
RAX=0x0000009e2ccfec70, RBX=0x0000009e2ccfec40, RCX=0x0000000000000000, RDX=0x0000000000000000
RSP=0x0000009e2ccfebe0, RBP=0x0000009e2ccff150, RSI=0x0000000000000000, RDI=0x0000000000000000
R8 =0x0000000000000000, R9 =0x000002202a0d4d78, R10=0x00007ffcc15a0000, R11=0x0000009e2ccff0a0
R12=0x0000022029bf56f0, R13=0x0000000000000000, R14=0x000002202a0d54f9, R15=0x0000000000000065
RIP=0x00007ffcc1c61d7b, EFLAGS=0x0000000000010246

Top of Stack: (sp=0x0000009e2ccfebe0)
0x0000009e2ccfebe0:   0000009e2ccfec40 0000022008f90000
0x0000009e2ccfebf0:   0000009e2ccfeec9 00007ffcc1c622fb
0x0000009e2ccfec00:   0000000000000000 00007ffcc18ee323
0x0000009e2ccfec10:   0000000000000000 0000009e2ccff2c0
0x0000009e2ccfec20:   0000000000000050 000002202a0c6096
0x0000009e2ccfec30:   00007ffcc15a0000 ffffffffffffffff
0x0000009e2ccfec40:   00007ffcc1e40210 0000000000000000
0x0000009e2ccfec50:   0000000000000000 00007ffc0000000d
0x0000009e2ccfec60:   0000009e2ccfec70 0000009e00000000
0x0000009e2ccfec70:   000000004600005e 0000022029bf5818
0x0000009e2ccfec80:   2fffffff4fffffff 00007ffd2157647b
0x0000009e2ccfec90:   00007ffcc1e40210 000002202a849260
0x0000009e2ccfeca0:   0000000000000037 000002200000000e
0x0000009e2ccfecb0:   0000009e2ccff278 00007ffd21574671
0x0000009e2ccfecc0:   0000009e2ccfee10 0000009e2ccfeeb0
0x0000009e2ccfecd0:   000002200b115e20 0000000000000100 

Instructions: (pc=0x00007ffcc1c61d7b)
0x00007ffcc1c61c7b:   48 8b cb ff 50 30 ff 43 14 48 c1 ef 04 eb 86 48
0x00007ffcc1c61c8b:   8b 03 45 33 c0 33 d2 48 8b cb ff 50 48 ff 43 14
0x00007ffcc1c61c9b:   48 c1 ef 04 e9 6c ff ff ff 48 8b 03 48 8b cb ff
0x00007ffcc1c61cab:   50 38 83 43 14 02 48 c1 ef 04 e9 56 ff ff ff 48
0x00007ffcc1c61cbb:   8b 03 48 8b cb ff 50 10 ff 43 14 48 c1 ef 04 e9
0x00007ffcc1c61ccb:   41 ff ff ff 48 8b 03 48 8b cb ff 50 18 83 43 14
0x00007ffcc1c61cdb:   02 48 c1 ef 04 e9 2b ff ff ff 48 8b 0d d4 b6 3e
0x00007ffcc1c61ceb:   00 48 8d 15 9d c7 22 00 e8 68 ad f7 ff 48 8b 0d
0x00007ffcc1c61cfb:   c1 b6 3e 00 48 8d 15 a2 c7 22 00 4c 8b c6 e8 52
0x00007ffcc1c61d0b:   ad f7 ff ba cb 00 00 00 48 8d 0d 16 c7 22 00 e8
0x00007ffcc1c61d1b:   61 09 ba ff e8 bc 12 f7 ff 48 c1 ef 04 e9 e3 fe
0x00007ffcc1c61d2b:   ff ff 0f 1f 00 31 1c 6c 00 42 1c 6c 00 54 1c 6c
0x00007ffcc1c61d3b:   00 66 1c 6c 00 78 1c 6c 00 a4 1c 6c 00 ba 1c 6c
0x00007ffcc1c61d4b:   00 cf 1c 6c 00 8a 1c 6c 00 e8 1b 6c 00 cc cc cc
0x00007ffcc1c61d5b:   cc cc cc cc cc 40 53 48 83 ec 20 c7 41 10 00 00
0x00007ffcc1c61d6b:   00 00 48 8b d9 48 89 7c 24 38 48 8b 79 08 33 c9
0x00007ffcc1c61d7b:   80 7f 06 28 74 26 44 8d 49 28 8d 51 35 48 8d 0d
0x00007ffcc1c61d8b:   a1 c6 22 00 4c 8d 05 8a c6 22 00 e8 65 07 ba ff
0x00007ffcc1c61d9b:   e8 40 12 f7 ff 8b 4b 10 48 8b 7b 08 8d 41 01 48
0x00007ffcc1c61dab:   63 c9 89 43 10 80 7c 39 07 29 0f 84 f3 00 00 00
0x00007ffcc1c61dbb:   48 89 74 24 30 44 8b c0 48 8d 35 36 e2 93 ff 66
0x00007ffcc1c61dcb:   0f 1f 44 00 00 4d 63 c8 41 0f be 4c 39 06 83 c1
0x00007ffcc1c61ddb:   be 83 f9 19 0f 87 96 00 00 00 48 63 c9 0f b6 8c
0x00007ffcc1c61deb:   0e 5c 1f 6c 00 8b 94 8e 4c 1f 6c 00 48 03 d6 ff
0x00007ffcc1c61dfb:   e2 41 8d 40 01 89 43 10 e9 8c 00 00 00 0f 1f 84
0x00007ffcc1c61e0b:   00 00 00 00 00 48 63 c8 ff c0 89 43 10 44 8b c0
0x00007ffcc1c61e1b:   80 7c 39 06 3b 75 ee eb 73 41 8d 40 01 89 43 10
0x00007ffcc1c61e2b:   41 80 7c 39 07 5b 75 1c 0f 1f 40 00 66 0f 1f 84
0x00007ffcc1c61e3b:   00 00 00 00 00 48 63 c8 ff c0 89 43 10 80 7c 39
0x00007ffcc1c61e4b:   07 5b 74 f1 48 63 c8 80 7c 39 06 4c 75 1b 0f 1f
0x00007ffcc1c61e5b:   80 00 00 00 00 48 63 c8 ff c0 89 43 10 44 8b c0
0x00007ffcc1c61e6b:   80 7c 39 06 3b 75 ee eb 23 ff c0 89 43 10 eb 19 


Stack slot to memory mapping:
stack at sp + 0 slots: 0x0000009e2ccfec40 points into unknown readable memory: 10 02 e4 c1 fc 7f 00 00
stack at sp + 1 slots: 0x0000022008f90000 points into unknown readable memory: 00 00 00 00 00 00 00 00
stack at sp + 2 slots: 0x0000009e2ccfeec9 points into unknown readable memory: 13 91 2a 20 02 00 00
stack at sp + 3 slots: 0x00007ffcc1c622fb jvm.dll
stack at sp + 4 slots: 0x0 is NULL
stack at sp + 5 slots: 0x00007ffcc18ee323 jvm.dll
stack at sp + 6 slots: 0x0 is NULL
stack at sp + 7 slots: 0x0000009e2ccff2c0 points into unknown readable memory: 68 d5 e7 c1 fc 7f 00 00

VM_Operation (0x0000009e2d6ff370): GetOrSetLocal, mode: safepoint, requested by thread 0x000002202a7b5800


---------------  P R O C E S S  ---------------

Threads class SMR info:
_java_thread_list=0x000002202afd2de0, length=14, elements={
0x000002200b11c800, 0x0000022029c10800, 0x0000022029c12800, 0x0000022029c2b800,
0x0000022029c2e800, 0x0000022029c32800, 0x0000022029c41800, 0x0000022029c4f000,
0x000002202a66f800, 0x000002202a7b5800, 0x000002202a721000, 0x000002202a72b000,
0x000002202a760000, 0x000002202a860800
}

Java Threads: ( => current thread )
  0x000002200b11c800 JavaThread "main" [_thread_blocked, id=8840, stack(0x0000009e2c600000,0x0000009e2c700000)]
  0x0000022029c10800 JavaThread "Reference Handler" daemon [_thread_blocked, id=10500, stack(0x0000009e2cd00000,0x0000009e2ce00000)]
  0x0000022029c12800 JavaThread "Finalizer" daemon [_thread_blocked, id=7748, stack(0x0000009e2ce00000,0x0000009e2cf00000)]
  0x0000022029c2b800 JavaThread "Signal Dispatcher" daemon [_thread_blocked, id=7332, stack(0x0000009e2cf00000,0x0000009e2d000000)]
  0x0000022029c2e800 JavaThread "Attach Listener" daemon [_thread_blocked, id=13352, stack(0x0000009e2d000000,0x0000009e2d100000)]
  0x0000022029c32800 JavaThread "C2 CompilerThread0" daemon [_thread_blocked, id=8520, stack(0x0000009e2d100000,0x0000009e2d200000)]
  0x0000022029c41800 JavaThread "C1 CompilerThread0" daemon [_thread_blocked, id=6632, stack(0x0000009e2d200000,0x0000009e2d300000)]
  0x0000022029c4f000 JavaThread "Sweeper thread" daemon [_thread_blocked, id=4040, stack(0x0000009e2d300000,0x0000009e2d400000)]
  0x000002202a66f800 JavaThread "Common-Cleaner" daemon [_thread_blocked, id=4804, stack(0x0000009e2d400000,0x0000009e2d500000)]
  0x000002202a7b5800 JavaThread "JDWP Transport Listener: dt_socket" daemon [_thread_blocked, id=11572, stack(0x0000009e2d600000,0x0000009e2d700000)] _threads_hazard_ptr=0x000002202afd2de0
  0x000002202a721000 JavaThread "JDWP Event Helper Thread" daemon [_thread_blocked, id=10668, stack(0x0000009e2d700000,0x0000009e2d800000)]
  0x000002202a72b000 JavaThread "JDWP Command Reader" daemon [_thread_blocked, id=11900, stack(0x0000009e2d800000,0x0000009e2d900000)]
  0x000002202a760000 JavaThread "Service Thread" daemon [_thread_blocked, id=13968, stack(0x0000009e2d500000,0x0000009e2d600000)]
  0x000002202a860800 JavaThread "ReaderThread" [_thread_in_native, id=9560, stack(0x0000009e2da00000,0x0000009e2db00000)]

Other Threads:
=>0x0000022029c0e800 VMThread "VM Thread" [stack: 0x0000009e2cc00000,0x0000009e2cd00000] [id=3560]
  0x000002202a850800 WatcherThread [stack: 0x0000009e2d900000,0x0000009e2da00000] [id=3780]
  0x000002200b15a800 GCTaskThread "GC Thread#0" [stack: 0x0000009e2c700000,0x0000009e2c800000] [id=10540]
  0x000002200b169000 ConcurrentGCThread "G1 Main Marker" [stack: 0x0000009e2c800000,0x0000009e2c900000] [id=3952]
  0x000002200b16a800 ConcurrentGCThread "G1 Conc#0" [stack: 0x0000009e2c900000,0x0000009e2ca00000] [id=9652]
  0x0000022029a80800 ConcurrentGCThread "G1 Refine#0" [stack: 0x0000009e2ca00000,0x0000009e2cb00000] [id=6960]
  0x0000022029a81800 ConcurrentGCThread "G1 Young RemSet Sampling" [stack: 0x0000009e2cb00000,0x0000009e2cc00000] [id=5600]

Threads with active compile tasks:

VM state:at safepoint (normal execution)

VM Mutex/Monitor currently owned by a thread:  ([mutex/lock_event])
[0x000002200b118fb0] Threads_lock - owner thread: 0x0000022029c0e800

Heap address: 0x0000000084000000, size: 1984 MB, Compressed Oops mode: 32-bit
Narrow klass base: 0x0000000800000000, Narrow klass shift: 3
Compressed class space size: 1073741824 Address: 0x0000000801190000

Heap:
 garbage-first heap   total 126976K, used 11264K [0x0000000084000000, 0x0000000100000000)
  region size 1024K, 12 young (12288K), 0 survivors (0K)
 Metaspace       used 4292K, capacity 5523K, committed 5760K, reserved 1056768K
  class space    used 430K, capacity 539K, committed 640K, reserved 1048576K
Heap Regions: E=young(eden), S=young(survivor), O=old, HS=humongous(starts), HC=humongous(continues), CS=collection set, F=free, A=archive, TAMS=top-at-mark-start (previous, next)
|   0|0x0000000084000000, 0x0000000084000000, 0x0000000084100000|  0%| F|  |TAMS 0x0000000084000000, 0x0000000084000000| Untracked 
|   1|0x0000000084100000, 0x0000000084100000, 0x0000000084200000|  0%| F|  |TAMS 0x0000000084100000, 0x0000000084100000| Untracked 
|   2|0x0000000084200000, 0x0000000084200000, 0x0000000084300000|  0%| F|  |TAMS 0x0000000084200000, 0x0000000084200000| Untracked 
|   3|0x0000000084300000, 0x0000000084300000, 0x0000000084400000|  0%| F|  |TAMS 0x0000000084300000, 0x0000000084300000| Untracked 
|   4|0x0000000084400000, 0x0000000084400000, 0x0000000084500000|  0%| F|  |TAMS 0x0000000084400000, 0x0000000084400000| Untracked 
|   5|0x0000000084500000, 0x0000000084500000, 0x0000000084600000|  0%| F|  |TAMS 0x0000000084500000, 0x0000000084500000| Untracked 
|   6|0x0000000084600000, 0x0000000084600000, 0x0000000084700000|  0%| F|  |TAMS 0x0000000084600000, 0x0000000084600000| Untracked 
|   7|0x0000000084700000, 0x0000000084700000, 0x0000000084800000|  0%| F|  |TAMS 0x0000000084700000, 0x0000000084700000| Untracked 
|   8|0x0000000084800000, 0x0000000084800000, 0x0000000084900000|  0%| F|  |TAMS 0x0000000084800000, 0x0000000084800000| Untracked 
|   9|0x0000000084900000, 0x0000000084900000, 0x0000000084a00000|  0%| F|  |TAMS 0x0000000084900000, 0x0000000084900000| Untracked 
|  10|0x0000000084a00000, 0x0000000084a00000, 0x0000000084b00000|  0%| F|  |TAMS 0x0000000084a00000, 0x0000000084a00000| Untracked 
|  11|0x0000000084b00000, 0x0000000084b00000, 0x0000000084c00000|  0%| F|  |TAMS 0x0000000084b00000, 0x0000000084b00000| Untracked 
|  12|0x0000000084c00000, 0x0000000084c00000, 0x0000000084d00000|  0%| F|  |TAMS 0x0000000084c00000, 0x0000000084c00000| Untracked 
|  13|0x0000000084d00000, 0x0000000084d00000, 0x0000000084e00000|  0%| F|  |TAMS 0x0000000084d00000, 0x0000000084d00000| Untracked 
|  14|0x0000000084e00000, 0x0000000084e00000, 0x0000000084f00000|  0%| F|  |TAMS 0x0000000084e00000, 0x0000000084e00000| Untracked 
|  15|0x0000000084f00000, 0x0000000084f00000, 0x0000000085000000|  0%| F|  |TAMS 0x0000000084f00000, 0x0000000084f00000| Untracked 
|  16|0x0000000085000000, 0x0000000085000000, 0x0000000085100000|  0%| F|  |TAMS 0x0000000085000000, 0x0000000085000000| Untracked 
|  17|0x0000000085100000, 0x0000000085100000, 0x0000000085200000|  0%| F|  |TAMS 0x0000000085100000, 0x0000000085100000| Untracked 
|  18|0x0000000085200000, 0x0000000085200000, 0x0000000085300000|  0%| F|  |TAMS 0x0000000085200000, 0x0000000085200000| Untracked 
|  19|0x0000000085300000, 0x0000000085300000, 0x0000000085400000|  0%| F|  |TAMS 0x0000000085300000, 0x0000000085300000| Untracked 
|  20|0x0000000085400000, 0x0000000085400000, 0x0000000085500000|  0%| F|  |TAMS 0x0000000085400000, 0x0000000085400000| Untracked 
|  21|0x0000000085500000, 0x0000000085500000, 0x0000000085600000|  0%| F|  |TAMS 0x0000000085500000, 0x0000000085500000| Untracked 
|  22|0x0000000085600000, 0x0000000085600000, 0x0000000085700000|  0%| F|  |TAMS 0x0000000085600000, 0x0000000085600000| Untracked 
|  23|0x0000000085700000, 0x0000000085700000, 0x0000000085800000|  0%| F|  |TAMS 0x0000000085700000, 0x0000000085700000| Untracked 
|  24|0x0000000085800000, 0x0000000085800000, 0x0000000085900000|  0%| F|  |TAMS 0x0000000085800000, 0x0000000085800000| Untracked 
|  25|0x0000000085900000, 0x0000000085900000, 0x0000000085a00000|  0%| F|  |TAMS 0x0000000085900000, 0x0000000085900000| Untracked 
|  26|0x0000000085a00000, 0x0000000085a00000, 0x0000000085b00000|  0%| F|  |TAMS 0x0000000085a00000, 0x0000000085a00000| Untracked 
|  27|0x0000000085b00000, 0x0000000085b00000, 0x0000000085c00000|  0%| F|  |TAMS 0x0000000085b00000, 0x0000000085b00000| Untracked 
|  28|0x0000000085c00000, 0x0000000085c00000, 0x0000000085d00000|  0%| F|  |TAMS 0x0000000085c00000, 0x0000000085c00000| Untracked 
|  29|0x0000000085d00000, 0x0000000085d00000, 0x0000000085e00000|  0%| F|  |TAMS 0x0000000085d00000, 0x0000000085d00000| Untracked 
|  30|0x0000000085e00000, 0x0000000085e00000, 0x0000000085f00000|  0%| F|  |TAMS 0x0000000085e00000, 0x0000000085e00000| Untracked 
|  31|0x0000000085f00000, 0x0000000085f00000, 0x0000000086000000|  0%| F|  |TAMS 0x0000000085f00000, 0x0000000085f00000| Untracked 
|  32|0x0000000086000000, 0x0000000086000000, 0x0000000086100000|  0%| F|  |TAMS 0x0000000086000000, 0x0000000086000000| Untracked 
|  33|0x0000000086100000, 0x0000000086100000, 0x0000000086200000|  0%| F|  |TAMS 0x0000000086100000, 0x0000000086100000| Untracked 
|  34|0x0000000086200000, 0x0000000086200000, 0x0000000086300000|  0%| F|  |TAMS 0x0000000086200000, 0x0000000086200000| Untracked 
|  35|0x0000000086300000, 0x0000000086300000, 0x0000000086400000|  0%| F|  |TAMS 0x0000000086300000, 0x0000000086300000| Untracked 
|  36|0x0000000086400000, 0x0000000086400000, 0x0000000086500000|  0%| F|  |TAMS 0x0000000086400000, 0x0000000086400000| Untracked 
|  37|0x0000000086500000, 0x0000000086500000, 0x0000000086600000|  0%| F|  |TAMS 0x0000000086500000, 0x0000000086500000| Untracked 
|  38|0x0000000086600000, 0x0000000086600000, 0x0000000086700000|  0%| F|  |TAMS 0x0000000086600000, 0x0000000086600000| Untracked 
|  39|0x0000000086700000, 0x0000000086700000, 0x0000000086800000|  0%| F|  |TAMS 0x0000000086700000, 0x0000000086700000| Untracked 
|  40|0x0000000086800000, 0x0000000086800000, 0x0000000086900000|  0%| F|  |TAMS 0x0000000086800000, 0x0000000086800000| Untracked 
|  41|0x0000000086900000, 0x0000000086900000, 0x0000000086a00000|  0%| F|  |TAMS 0x0000000086900000, 0x0000000086900000| Untracked 
|  42|0x0000000086a00000, 0x0000000086a00000, 0x0000000086b00000|  0%| F|  |TAMS 0x0000000086a00000, 0x0000000086a00000| Untracked 
|  43|0x0000000086b00000, 0x0000000086b00000, 0x0000000086c00000|  0%| F|  |TAMS 0x0000000086b00000, 0x0000000086b00000| Untracked 
|  44|0x0000000086c00000, 0x0000000086c00000, 0x0000000086d00000|  0%| F|  |TAMS 0x0000000086c00000, 0x0000000086c00000| Untracked 
|  45|0x0000000086d00000, 0x0000000086d00000, 0x0000000086e00000|  0%| F|  |TAMS 0x0000000086d00000, 0x0000000086d00000| Untracked 
|  46|0x0000000086e00000, 0x0000000086e00000, 0x0000000086f00000|  0%| F|  |TAMS 0x0000000086e00000, 0x0000000086e00000| Untracked 
|  47|0x0000000086f00000, 0x0000000086f00000, 0x0000000087000000|  0%| F|  |TAMS 0x0000000086f00000, 0x0000000086f00000| Untracked 
|  48|0x0000000087000000, 0x0000000087000000, 0x0000000087100000|  0%| F|  |TAMS 0x0000000087000000, 0x0000000087000000| Untracked 
|  49|0x0000000087100000, 0x0000000087100000, 0x0000000087200000|  0%| F|  |TAMS 0x0000000087100000, 0x0000000087100000| Untracked 
|  50|0x0000000087200000, 0x0000000087200000, 0x0000000087300000|  0%| F|  |TAMS 0x0000000087200000, 0x0000000087200000| Untracked 
|  51|0x0000000087300000, 0x0000000087300000, 0x0000000087400000|  0%| F|  |TAMS 0x0000000087300000, 0x0000000087300000| Untracked 
|  52|0x0000000087400000, 0x0000000087400000, 0x0000000087500000|  0%| F|  |TAMS 0x0000000087400000, 0x0000000087400000| Untracked 
|  53|0x0000000087500000, 0x0000000087500000, 0x0000000087600000|  0%| F|  |TAMS 0x0000000087500000, 0x0000000087500000| Untracked 
|  54|0x0000000087600000, 0x0000000087600000, 0x0000000087700000|  0%| F|  |TAMS 0x0000000087600000, 0x0000000087600000| Untracked 
|  55|0x0000000087700000, 0x0000000087700000, 0x0000000087800000|  0%| F|  |TAMS 0x0000000087700000, 0x0000000087700000| Untracked 
|  56|0x0000000087800000, 0x0000000087800000, 0x0000000087900000|  0%| F|  |TAMS 0x0000000087800000, 0x0000000087800000| Untracked 
|  57|0x0000000087900000, 0x0000000087900000, 0x0000000087a00000|  0%| F|  |TAMS 0x0000000087900000, 0x0000000087900000| Untracked 
|  58|0x0000000087a00000, 0x0000000087a00000, 0x0000000087b00000|  0%| F|  |TAMS 0x0000000087a00000, 0x0000000087a00000| Untracked 
|  59|0x0000000087b00000, 0x0000000087b00000, 0x0000000087c00000|  0%| F|  |TAMS 0x0000000087b00000, 0x0000000087b00000| Untracked 
|  60|0x0000000087c00000, 0x0000000087c00000, 0x0000000087d00000|  0%| F|  |TAMS 0x0000000087c00000, 0x0000000087c00000| Untracked 
|  61|0x0000000087d00000, 0x0000000087d00000, 0x0000000087e00000|  0%| F|  |TAMS 0x0000000087d00000, 0x0000000087d00000| Untracked 
|  62|0x0000000087e00000, 0x0000000087e00000, 0x0000000087f00000|  0%| F|  |TAMS 0x0000000087e00000, 0x0000000087e00000| Untracked 
|  63|0x0000000087f00000, 0x0000000087f00000, 0x0000000088000000|  0%| F|  |TAMS 0x0000000087f00000, 0x0000000087f00000| Untracked 
|  64|0x0000000088000000, 0x0000000088000000, 0x0000000088100000|  0%| F|  |TAMS 0x0000000088000000, 0x0000000088000000| Untracked 
|  65|0x0000000088100000, 0x0000000088100000, 0x0000000088200000|  0%| F|  |TAMS 0x0000000088100000, 0x0000000088100000| Untracked 
|  66|0x0000000088200000, 0x0000000088200000, 0x0000000088300000|  0%| F|  |TAMS 0x0000000088200000, 0x0000000088200000| Untracked 
|  67|0x0000000088300000, 0x0000000088300000, 0x0000000088400000|  0%| F|  |TAMS 0x0000000088300000, 0x0000000088300000| Untracked 
|  68|0x0000000088400000, 0x0000000088400000, 0x0000000088500000|  0%| F|  |TAMS 0x0000000088400000, 0x0000000088400000| Untracked 
|  69|0x0000000088500000, 0x0000000088500000, 0x0000000088600000|  0%| F|  |TAMS 0x0000000088500000, 0x0000000088500000| Untracked 
|  70|0x0000000088600000, 0x0000000088600000, 0x0000000088700000|  0%| F|  |TAMS 0x0000000088600000, 0x0000000088600000| Untracked 
|  71|0x0000000088700000, 0x0000000088700000, 0x0000000088800000|  0%| F|  |TAMS 0x0000000088700000, 0x0000000088700000| Untracked 
|  72|0x0000000088800000, 0x0000000088800000, 0x0000000088900000|  0%| F|  |TAMS 0x0000000088800000, 0x0000000088800000| Untracked 
|  73|0x0000000088900000, 0x0000000088900000, 0x0000000088a00000|  0%| F|  |TAMS 0x0000000088900000, 0x0000000088900000| Untracked 
|  74|0x0000000088a00000, 0x0000000088a00000, 0x0000000088b00000|  0%| F|  |TAMS 0x0000000088a00000, 0x0000000088a00000| Untracked 
|  75|0x0000000088b00000, 0x0000000088b00000, 0x0000000088c00000|  0%| F|  |TAMS 0x0000000088b00000, 0x0000000088b00000| Untracked 
|  76|0x0000000088c00000, 0x0000000088c00000, 0x0000000088d00000|  0%| F|  |TAMS 0x0000000088c00000, 0x0000000088c00000| Untracked 
|  77|0x0000000088d00000, 0x0000000088d00000, 0x0000000088e00000|  0%| F|  |TAMS 0x0000000088d00000, 0x0000000088d00000| Untracked 
|  78|0x0000000088e00000, 0x0000000088e00000, 0x0000000088f00000|  0%| F|  |TAMS 0x0000000088e00000, 0x0000000088e00000| Untracked 
|  79|0x0000000088f00000, 0x0000000088f00000, 0x0000000089000000|  0%| F|  |TAMS 0x0000000088f00000, 0x0000000088f00000| Untracked 
|  80|0x0000000089000000, 0x0000000089000000, 0x0000000089100000|  0%| F|  |TAMS 0x0000000089000000, 0x0000000089000000| Untracked 
|  81|0x0000000089100000, 0x0000000089100000, 0x0000000089200000|  0%| F|  |TAMS 0x0000000089100000, 0x0000000089100000| Untracked 
|  82|0x0000000089200000, 0x0000000089200000, 0x0000000089300000|  0%| F|  |TAMS 0x0000000089200000, 0x0000000089200000| Untracked 
|  83|0x0000000089300000, 0x0000000089300000, 0x0000000089400000|  0%| F|  |TAMS 0x0000000089300000, 0x0000000089300000| Untracked 
|  84|0x0000000089400000, 0x0000000089400000, 0x0000000089500000|  0%| F|  |TAMS 0x0000000089400000, 0x0000000089400000| Untracked 
|  85|0x0000000089500000, 0x0000000089500000, 0x0000000089600000|  0%| F|  |TAMS 0x0000000089500000, 0x0000000089500000| Untracked 
|  86|0x0000000089600000, 0x0000000089600000, 0x0000000089700000|  0%| F|  |TAMS 0x0000000089600000, 0x0000000089600000| Untracked 
|  87|0x0000000089700000, 0x0000000089700000, 0x0000000089800000|  0%| F|  |TAMS 0x0000000089700000, 0x0000000089700000| Untracked 
|  88|0x0000000089800000, 0x0000000089800000, 0x0000000089900000|  0%| F|  |TAMS 0x0000000089800000, 0x0000000089800000| Untracked 
|  89|0x0000000089900000, 0x0000000089900000, 0x0000000089a00000|  0%| F|  |TAMS 0x0000000089900000, 0x0000000089900000| Untracked 
|  90|0x0000000089a00000, 0x0000000089a00000, 0x0000000089b00000|  0%| F|  |TAMS 0x0000000089a00000, 0x0000000089a00000| Untracked 
|  91|0x0000000089b00000, 0x0000000089b00000, 0x0000000089c00000|  0%| F|  |TAMS 0x0000000089b00000, 0x0000000089b00000| Untracked 
|  92|0x0000000089c00000, 0x0000000089c00000, 0x0000000089d00000|  0%| F|  |TAMS 0x0000000089c00000, 0x0000000089c00000| Untracked 
|  93|0x0000000089d00000, 0x0000000089d00000, 0x0000000089e00000|  0%| F|  |TAMS 0x0000000089d00000, 0x0000000089d00000| Untracked 
|  94|0x0000000089e00000, 0x0000000089e00000, 0x0000000089f00000|  0%| F|  |TAMS 0x0000000089e00000, 0x0000000089e00000| Untracked 
|  95|0x0000000089f00000, 0x0000000089f00000, 0x000000008a000000|  0%| F|  |TAMS 0x0000000089f00000, 0x0000000089f00000| Untracked 
|  96|0x000000008a000000, 0x000000008a000000, 0x000000008a100000|  0%| F|  |TAMS 0x000000008a000000, 0x000000008a000000| Untracked 
|  97|0x000000008a100000, 0x000000008a100000, 0x000000008a200000|  0%| F|  |TAMS 0x000000008a100000, 0x000000008a100000| Untracked 
|  98|0x000000008a200000, 0x000000008a200000, 0x000000008a300000|  0%| F|  |TAMS 0x000000008a200000, 0x000000008a200000| Untracked 
|  99|0x000000008a300000, 0x000000008a300000, 0x000000008a400000|  0%| F|  |TAMS 0x000000008a300000, 0x000000008a300000| Untracked 
| 100|0x000000008a400000, 0x000000008a400000, 0x000000008a500000|  0%| F|  |TAMS 0x000000008a400000, 0x000000008a400000| Untracked 
| 101|0x000000008a500000, 0x000000008a500000, 0x000000008a600000|  0%| F|  |TAMS 0x000000008a500000, 0x000000008a500000| Untracked 
| 102|0x000000008a600000, 0x000000008a600000, 0x000000008a700000|  0%| F|  |TAMS 0x000000008a600000, 0x000000008a600000| Untracked 
| 103|0x000000008a700000, 0x000000008a700000, 0x000000008a800000|  0%| F|  |TAMS 0x000000008a700000, 0x000000008a700000| Untracked 
| 104|0x000000008a800000, 0x000000008a800000, 0x000000008a900000|  0%| F|  |TAMS 0x000000008a800000, 0x000000008a800000| Untracked 
| 105|0x000000008a900000, 0x000000008a900000, 0x000000008aa00000|  0%| F|  |TAMS 0x000000008a900000, 0x000000008a900000| Untracked 
| 106|0x000000008aa00000, 0x000000008aa00000, 0x000000008ab00000|  0%| F|  |TAMS 0x000000008aa00000, 0x000000008aa00000| Untracked 
| 107|0x000000008ab00000, 0x000000008ab00000, 0x000000008ac00000|  0%| F|  |TAMS 0x000000008ab00000, 0x000000008ab00000| Untracked 
| 108|0x000000008ac00000, 0x000000008ac00000, 0x000000008ad00000|  0%| F|  |TAMS 0x000000008ac00000, 0x000000008ac00000| Untracked 
| 109|0x000000008ad00000, 0x000000008ad00000, 0x000000008ae00000|  0%| F|  |TAMS 0x000000008ad00000, 0x000000008ad00000| Untracked 
| 110|0x000000008ae00000, 0x000000008ae00000, 0x000000008af00000|  0%| F|  |TAMS 0x000000008ae00000, 0x000000008ae00000| Untracked 
| 111|0x000000008af00000, 0x000000008af00000, 0x000000008b000000|  0%| F|  |TAMS 0x000000008af00000, 0x000000008af00000| Untracked 
| 112|0x000000008b000000, 0x000000008b100000, 0x000000008b100000|100%| E|  |TAMS 0x000000008b000000, 0x000000008b000000| Complete 
| 113|0x000000008b100000, 0x000000008b200000, 0x000000008b200000|100%| E|CS|TAMS 0x000000008b100000, 0x000000008b100000| Complete 
| 114|0x000000008b200000, 0x000000008b300000, 0x000000008b300000|100%| E|CS|TAMS 0x000000008b200000, 0x000000008b200000| Complete 
| 115|0x000000008b300000, 0x000000008b400000, 0x000000008b400000|100%| E|CS|TAMS 0x000000008b300000, 0x000000008b300000| Complete 
| 116|0x000000008b400000, 0x000000008b500000, 0x000000008b500000|100%| E|CS|TAMS 0x000000008b400000, 0x000000008b400000| Complete 
| 117|0x000000008b500000, 0x000000008b600000, 0x000000008b600000|100%| E|CS|TAMS 0x000000008b500000, 0x000000008b500000| Complete 
| 118|0x000000008b600000, 0x000000008b700000, 0x000000008b700000|100%| E|CS|TAMS 0x000000008b600000, 0x000000008b600000| Complete 
| 119|0x000000008b700000, 0x000000008b800000, 0x000000008b800000|100%| E|CS|TAMS 0x000000008b700000, 0x000000008b700000| Complete 
| 120|0x000000008b800000, 0x000000008b900000, 0x000000008b900000|100%| E|CS|TAMS 0x000000008b800000, 0x000000008b800000| Complete 
| 121|0x000000008b900000, 0x000000008ba00000, 0x000000008ba00000|100%| E|CS|TAMS 0x000000008b900000, 0x000000008b900000| Complete 
| 122|0x000000008ba00000, 0x000000008bb00000, 0x000000008bb00000|100%| E|CS|TAMS 0x000000008ba00000, 0x000000008ba00000| Complete 
| 123|0x000000008bb00000, 0x000000008bc00000, 0x000000008bc00000|100%| E|CS|TAMS 0x000000008bb00000, 0x000000008bb00000| Complete 

Card table byte_map: [0x0000022022c30000,0x0000022023010000] _byte_map_base: 0x0000022022810000

Marking Bits (Prev, Next): (CMBitMap*) 0x000002200b15c708, (CMBitMap*) 0x000002200b15c748
 Prev Bits: [0x00000220233f0000, 0x00000220252f0000)
 Next Bits: [0x00000220252f0000, 0x00000220271f0000)

Polling page: 0x0000022008f60000

Metaspace:

Usage:
  Non-class:      4.87 MB capacity,     3.77 MB ( 77%) used,     1.09 MB ( 22%) free+waste,     6.81 KB ( <1%) overhead. 
      Class:    539.00 KB capacity,   430.78 KB ( 80%) used,   104.66 KB ( 19%) free+waste,     3.56 KB ( <1%) overhead. 
       Both:      5.39 MB capacity,     4.19 MB ( 78%) used,     1.19 MB ( 22%) free+waste,    10.38 KB ( <1%) overhead. 

Virtual space:
  Non-class space:        8.00 MB reserved,       5.00 MB ( 63%) committed 
      Class space:        1.00 GB reserved,     640.00 KB ( <1%) committed 
             Both:        1.01 GB reserved,       5.63 MB ( <1%) committed 

Chunk freelists:
   Non-Class:  1.00 KB
       Class:  640 bytes
        Both:  1.63 KB

CodeHeap 'non-profiled nmethods': size=120000Kb used=249Kb max_used=249Kb free=119751Kb
 bounds [0x000002201aff0000, 0x000002201b260000, 0x0000022022520000]
CodeHeap 'profiled nmethods': size=120000Kb used=1472Kb max_used=1472Kb free=118527Kb
 bounds [0x0000022013ac0000, 0x0000022013d30000, 0x000002201aff0000]
CodeHeap 'non-nmethods': size=5760Kb used=1176Kb max_used=1201Kb free=4583Kb
 bounds [0x0000022013520000, 0x0000022013790000, 0x0000022013ac0000]
 total_blobs=1279 nmethods=726 adapters=300
 compilation: enabled
              stopped_count=0, restarted_count=0
 full_count=0

Compilation events (10 events):
Event: 0.595 Thread 0x0000022029c41800  716       3       java.io.WinNTFileSystem::resolve (275 bytes)
Event: 0.598 Thread 0x0000022029c41800 nmethod 716 0x0000022013c25e90 code [0x0000022013c26420, 0x0000022013c29280]
Event: 0.598 Thread 0x0000022029c41800  720       3       java.lang.instrument.ClassFileTransformer::transform (15 bytes)
Event: 0.598 Thread 0x0000022029c41800 nmethod 720 0x0000022013c2a610 code [0x0000022013c2a7e0, 0x0000022013c2aa70]
Event: 0.598 Thread 0x0000022029c41800  721   !   3       org.eclipse.jdt.launching.internal.javaagent.Premain$1::transform (103 bytes)
Event: 0.599 Thread 0x0000022029c41800 nmethod 721 0x0000022013c2ab10 code [0x0000022013c2ada0, 0x0000022013c2ba60]
Event: 0.599 Thread 0x0000022029c41800  725       1       org.eclipse.jdt.launching.internal.org.objectweb.asm.SymbolTable::getConstantPoolCount (5 bytes)
Event: 0.599 Thread 0x0000022029c41800 nmethod 725 0x000002201b02e090 code [0x000002201b02e240, 0x000002201b02e378]
Event: 23.760 Thread 0x0000022029c41800  726       3       org.eclipse.jdt.launching.internal.org.objectweb.asm.ClassReader::readConst (276 bytes)
Event: 23.772 Thread 0x0000022029c41800 nmethod 726 0x0000022013c2bf10 code [0x0000022013c2c440, 0x0000022013c2ee90]

GC Heap History (0 events):
No events

Deoptimization events (4 events):
Event: 0.247 Thread 0x000002200b11c800 Uncommon trap: reason=class_check action=maybe_recompile pc=0x000002201affe130 method=java.util.HashMap.putVal(ILjava/lang/Object;Ljava/lang/Object;ZZ)Ljava/lang/Object; @ 152 c2
Event: 0.261 Thread 0x000002200b11c800 Uncommon trap: reason=unstable_if action=reinterpret pc=0x000002201affe238 method=java.util.HashMap.putVal(ILjava/lang/Object;Ljava/lang/Object;ZZ)Ljava/lang/Object; @ 181 c2
Event: 0.346 Thread 0x000002200b11c800 Uncommon trap: reason=unstable_if action=reinterpret pc=0x000002201affeba8 method=java.lang.String.isLatin1()Z @ 10 c2
Event: 0.483 Thread 0x000002200b11c800 Uncommon trap: reason=unstable_if action=reinterpret pc=0x000002201b01523c method=java.lang.String.startsWith(Ljava/lang/String;I)Z @ 1 c2

Classes redefined (2 events):
Event: 23.766 Thread 0x0000022029c0e800 redefined class name=SortComparisonTest, count=1
Event: 314.206 Thread 0x0000022029c0e800 redefined class name=SortComparisonTest, count=2

Internal exceptions (2 events):
Event: 0.520 Thread 0x000002200b11c800 Exception <a 'java/lang/IncompatibleClassChangeError'{0x000000008b3ff160}: Found class java.lang.Object, but interface was expected> (0x000000008b3ff160) thrown at [t:/workspace/open/src/hotspot/share/interpreter/linkResolver.cpp, line 843]
Event: 0.553 Thread 0x000002200b11c800 Exception <a 'java/lang/NoSuchMethodError'{0x000000008b130878}: java.lang.invoke.DirectMethodHandle$Holder.invokeSpecialIFC(Ljava/lang/Object;Ljava/lang/Object;I)I> (0x000000008b130878) thrown at [t:/workspace/open/src/hotspot/share/interpreter/linkResolv

Events (10 events):
Event: 314.218 Executing VM operation: GetStackTrace done
Event: 314.538 Executing VM operation: GetFrameCount
Event: 314.538 Executing VM operation: GetFrameCount done
Event: 314.538 Executing VM operation: GetOwnedMonitorInfo
Event: 314.538 Executing VM operation: GetOwnedMonitorInfo done
Event: 314.539 Executing VM operation: GetCurrentContendedMonitor
Event: 314.539 Executing VM operation: GetCurrentContendedMonitor done
Event: 314.594 Executing VM operation: GetFrameLocation
Event: 314.594 Executing VM operation: GetFrameLocation done
Event: 314.594 Executing VM operation: GetOrSetLocal


Dynamic libraries:
0x00007ff6d70a0000 - 0x00007ff6d70af000 	C:\Program Files\Java\jdk-12.0.2\bin\javaw.exe
0x00007ffd245e0000 - 0x00007ffd247d0000 	C:\Windows\SYSTEM32\ntdll.dll
0x00007ffd240c0000 - 0x00007ffd24172000 	C:\Windows\System32\KERNEL32.DLL
0x00007ffd221c0000 - 0x00007ffd22465000 	C:\Windows\System32\KERNELBASE.dll
0x00007ffd21560000 - 0x00007ffd2165a000 	C:\Windows\System32\ucrtbase.dll
0x00007ffd1bb90000 - 0x00007ffd1bba6000 	C:\Program Files\Java\jdk-12.0.2\bin\VCRUNTIME140.dll
0x00007ffd1bbb0000 - 0x00007ffd1bbc8000 	C:\Program Files\Java\jdk-12.0.2\bin\jli.dll
0x00007ffd23ef0000 - 0x00007ffd23f93000 	C:\Windows\System32\ADVAPI32.dll
0x00007ffd23fa0000 - 0x00007ffd2403e000 	C:\Windows\System32\msvcrt.dll
0x00007ffd22ee0000 - 0x00007ffd22f77000 	C:\Windows\System32\sechost.dll
0x00007ffd22710000 - 0x00007ffd2282f000 	C:\Windows\System32\RPCRT4.dll
0x00007ffd23730000 - 0x00007ffd238c4000 	C:\Windows\System32\USER32.dll
0x00007ffd22490000 - 0x00007ffd224b1000 	C:\Windows\System32\win32u.dll
0x00007ffd0b780000 - 0x00007ffd0ba04000 	C:\Windows\WinSxS\amd64_microsoft.windows.common-controls_6595b64144ccf1df_6.0.18362.1379_none_9e7ff3b3e45cc0c4\COMCTL32.dll
0x00007ffd22f80000 - 0x00007ffd22fa6000 	C:\Windows\System32\GDI32.dll
0x00007ffd22990000 - 0x00007ffd22cc7000 	C:\Windows\System32\combase.dll
0x00007ffd224c0000 - 0x00007ffd22658000 	C:\Windows\System32\gdi32full.dll
0x00007ffd218c0000 - 0x00007ffd2195e000 	C:\Windows\System32\msvcp_win.dll
0x00007ffd21960000 - 0x00007ffd219e1000 	C:\Windows\System32\bcryptPrimitives.dll
0x00007ffd1c650000 - 0x00007ffd1c65a000 	C:\Windows\SYSTEM32\VERSION.dll
0x00007ffd22fb0000 - 0x00007ffd22fde000 	C:\Windows\System32\IMM32.DLL
0x00007ffd17c90000 - 0x00007ffd17d3a000 	C:\Program Files\Java\jdk-12.0.2\bin\msvcp140.dll
0x00007ffcc15a0000 - 0x00007ffcc2117000 	C:\Program Files\Java\jdk-12.0.2\bin\server\jvm.dll
0x00007ffd24590000 - 0x00007ffd24598000 	C:\Windows\System32\PSAPI.DLL
0x00007ffd19dd0000 - 0x00007ffd19df4000 	C:\Windows\SYSTEM32\WINMM.dll
0x00007ffcef690000 - 0x00007ffcef699000 	C:\Windows\SYSTEM32\WSOCK32.dll
0x00007ffd23e80000 - 0x00007ffd23eef000 	C:\Windows\System32\WS2_32.dll
0x00007ffd19da0000 - 0x00007ffd19dcd000 	C:\Windows\SYSTEM32\winmmbase.dll
0x00007ffd22170000 - 0x00007ffd221ba000 	C:\Windows\System32\cfgmgr32.dll
0x00007ffd214c0000 - 0x00007ffd214d1000 	C:\Windows\System32\kernel.appcore.dll
0x00007ffd1a360000 - 0x00007ffd1a371000 	C:\Program Files\Java\jdk-12.0.2\bin\verify.dll
0x00007ffd1d010000 - 0x00007ffd1d204000 	C:\Windows\SYSTEM32\DBGHELP.DLL
0x00007ffd1b370000 - 0x00007ffd1b39a000 	C:\Windows\SYSTEM32\dbgcore.DLL
0x00007ffd1a330000 - 0x00007ffd1a356000 	C:\Program Files\Java\jdk-12.0.2\bin\java.dll
0x00007ffd1bb50000 - 0x00007ffd1bb88000 	C:\Program Files\Java\jdk-12.0.2\bin\jdwp.dll
0x00007ffd1dae0000 - 0x00007ffd1daee000 	C:\Program Files\Java\jdk-12.0.2\bin\instrument.dll
0x00007ffd1a310000 - 0x00007ffd1a327000 	C:\Program Files\Java\jdk-12.0.2\bin\zip.dll
0x00007ffd1dad0000 - 0x00007ffd1dada000 	C:\Program Files\Java\jdk-12.0.2\bin\jimage.dll
0x00007ffd23040000 - 0x00007ffd23728000 	C:\Windows\System32\SHELL32.dll
0x00007ffd243b0000 - 0x00007ffd24457000 	C:\Windows\System32\shcore.dll
0x00007ffd219f0000 - 0x00007ffd2216b000 	C:\Windows\System32\windows.storage.dll
0x00007ffd214e0000 - 0x00007ffd21503000 	C:\Windows\System32\profapi.dll
0x00007ffd21510000 - 0x00007ffd2155a000 	C:\Windows\System32\powrprof.dll
0x00007ffd21490000 - 0x00007ffd214a0000 	C:\Windows\System32\UMPDC.dll
0x00007ffd22cd0000 - 0x00007ffd22d22000 	C:\Windows\System32\shlwapi.dll
0x00007ffd22470000 - 0x00007ffd22487000 	C:\Windows\System32\cryptsp.dll
0x00007ffd1ca60000 - 0x00007ffd1ca6a000 	C:\Program Files\Java\jdk-12.0.2\bin\dt_socket.dll
0x00007ffd20cd0000 - 0x00007ffd20d37000 	C:\Windows\System32\mswsock.dll
0x00007ffd20a20000 - 0x00007ffd20aeb000 	C:\Windows\SYSTEM32\DNSAPI.dll
0x00007ffd24040000 - 0x00007ffd24048000 	C:\Windows\System32\NSI.dll
0x00007ffd209e0000 - 0x00007ffd20a1a000 	C:\Windows\SYSTEM32\IPHLPAPI.DLL
0x000000005fbd0000 - 0x000000005fbda000 	C:\Program Files\National Instruments\Shared\mDNS Responder\nimdnsNSP.dll
0x000000005fbc0000 - 0x000000005fbd0000 	C:\Windows\SYSTEM32\nimdnsResponder.dll
0x00007ffd1cb60000 - 0x00007ffd1cbd7000 	C:\Windows\System32\fwpuclnt.dll
0x00007ffd22660000 - 0x00007ffd22686000 	C:\Windows\System32\bcrypt.dll
0x00007ffd1ca30000 - 0x00007ffd1ca3a000 	C:\Windows\System32\rasadhlp.dll
0x00007ffd1a2f0000 - 0x00007ffd1a309000 	C:\Program Files\Java\jdk-12.0.2\bin\net.dll
0x00007ffd1dfc0000 - 0x00007ffd1e0b0000 	C:\Windows\SYSTEM32\WINHTTP.dll
0x00007ffd18af0000 - 0x00007ffd18cc6000 	C:\Windows\SYSTEM32\urlmon.dll
0x00007ffd0fd70000 - 0x00007ffd10017000 	C:\Windows\SYSTEM32\iertutil.dll
0x00007ffd20ea0000 - 0x00007ffd20eac000 	C:\Windows\SYSTEM32\CRYPTBASE.DLL
0x00007ffd1a1b0000 - 0x00007ffd1a1c3000 	C:\Program Files\Java\jdk-12.0.2\bin\nio.dll

dbghelp: loaded successfully - version: 4.0.5 - missing functions: none
symbol engine: initialized successfully - sym options: 0x614 - pdb path: .;C:\Program Files\Java\jdk-12.0.2\bin;C:\Windows\SYSTEM32;C:\Windows\WinSxS\amd64_microsoft.windows.common-controls_6595b64144ccf1df_6.0.18362.1379_none_9e7ff3b3e45cc0c4;C:\Program Files\Java\jdk-12.0.2\bin\server;C:\Program Files\National Instruments\Shared\mDNS Responder

VM Arguments:
jvm_args: -agentlib:jdwp=transport=dt_socket,suspend=y,address=localhost:50609 -ea -javaagent:C:\Users\merli\eclipse\java-2019-06\eclipse\configuration\org.eclipse.osgi\226\0\.cp\lib\javaagent-shaded.jar -Dfile.encoding=Cp1252 
java_command: org.eclipse.jdt.internal.junit.runner.RemoteTestRunner -version 3 -port 50608 -testLoaderClass org.eclipse.jdt.internal.junit4.runner.JUnit4TestLoader -loaderpluginname org.eclipse.jdt.junit4.runtime -classNames SortComparisonTest
java_class_path (initial): C:\Users\merli\eclipse-workspace\Sort\bin;C:\Users\merli\.p2\pool\plugins\org.junit_4.12.0.v201504281640\junit.jar;C:\Users\merli\.p2\pool\plugins\org.hamcrest.core_1.3.0.v20180420-1519.jar;C:\Users\merli\eclipse\java-2019-06\eclipse\configuration\org.eclipse.osgi\224\0\.cp;C:\Users\merli\eclipse\java-2019-06\eclipse\configuration\org.eclipse.osgi\223\0\.cp
Launcher Type: SUN_STANDARD

[Global flags]
     intx CICompilerCount                          = 4                                         {product} {ergonomic}
     uint ConcGCThreads                            = 2                                         {product} {ergonomic}
     uint G1ConcRefinementThreads                  = 8                                         {product} {ergonomic}
   size_t G1HeapRegionSize                         = 1048576                                   {product} {ergonomic}
    uintx GCDrainStackTargetSize                   = 64                                        {product} {ergonomic}
   size_t InitialHeapSize                          = 130023424                                 {product} {ergonomic}
   size_t MarkStackSize                            = 4194304                                   {product} {ergonomic}
   size_t MaxHeapSize                              = 2080374784                                {product} {ergonomic}
   size_t MaxNewSize                               = 1247805440                                {product} {ergonomic}
   size_t MinHeapDeltaBytes                        = 1048576                                   {product} {ergonomic}
    uintx NonNMethodCodeHeapSize                   = 5836300                                {pd product} {ergonomic}
    uintx NonProfiledCodeHeapSize                  = 122910970                              {pd product} {ergonomic}
    uintx ProfiledCodeHeapSize                     = 122910970                              {pd product} {ergonomic}
    uintx ReservedCodeCacheSize                    = 251658240                              {pd product} {ergonomic}
     bool SegmentedCodeCache                       = true                                      {product} {ergonomic}
     bool UseCompressedClassPointers               = true                                 {lp64_product} {ergonomic}
     bool UseCompressedOops                        = true                                 {lp64_product} {ergonomic}
     bool UseG1GC                                  = true                                      {product} {ergonomic}
     bool UseLargePagesIndividualAllocation        = false                                  {pd product} {ergonomic}

Logging:
Log output configuration:
 #0: stdout all=warning uptime,level,tags
 #1: stderr all=off uptime,level,tags

Environment Variables:
PATH=C:/Program Files/Java/jdk-12.0.2/bin/server;C:/Program Files/Java/jdk-12.0.2/bin;C:\Windows\system32;C:\Windows;C:\Windows\System32\Wbem;C:\Windows\System32\WindowsPowerShell\v1.0\;C:\Windows\System32\OpenSSH\;C:\Program Files (x86)\Calibre2\;C:\Program Files\MATLAB\R2019b\bin;C:\Program Files\TortoiseSVN\bin;C:\Program Files\Git\cmd;C:\Users\merli\AppData\Local\Microsoft\WindowsApps;;C:\Users\merli\AppData\Local\Programs\Microsoft VS Code\bin;C:\Users\merli\OneDrive\Desktop;
USERNAME=merli
OS=Windows_NT
PROCESSOR_IDENTIFIER=Intel64 Family 6 Model 142 Stepping 12, GenuineIntel



---------------  S Y S T E M  ---------------

OS: Windows 10 , 64 bit Build 18362 (10.0.18362.1350)

CPU:total 8 (initial active 8) (4 cores per cpu, 2 threads per core) family 6 model 142 stepping 12, cmov, cx8, fxsr, mmx, sse, sse2, sse3, ssse3, sse4.1, sse4.2, popcnt, avx, avx2, aes, clmul, erms, 3dnowpref, lzcnt, ht, tsc, tscinvbit, bmi1, bmi2, adx, fma

Memory: 4k page, system-wide physical 7933M (2295M free)
TotalPageFile size 9981M (AvailPageFile size 1599M)
current process WorkingSet (physical memory assigned to process): 51M, peak: 62M
current process commit charge ("private bytes"): 219M, peak: 229M

vm_info: Java HotSpot(TM) 64-Bit Server VM (12.0.2+10) for windows-amd64 JRE (12.0.2+10), built on Jul 16 2019 01:56:17 by "mach5one" with MS VC++ 15.5 (VS2017)

END.
