#
# A fatal error has been detected by the Java Runtime Environment:
#
#  EXCEPTION_ACCESS_VIOLATION (0xc0000005) at pc=0x00007ff9280c1e05, pid=7480, tid=14012
#
# JRE version: Java(TM) SE Runtime Environment (12.0.2+10) (build 12.0.2+10)
# Java VM: Java HotSpot(TM) 64-Bit Server VM (12.0.2+10, mixed mode, sharing, tiered, compressed oops, g1 gc, windows-amd64)
# Problematic frame:
# V  [jvm.dll+0x5f1e05]
#
# No core dump will be written. Minidumps are not enabled by default on client versions of Windows
#
# If you would like to submit a bug report, please visit:
#   http://bugreport.java.com/bugreport/crash.jsp
#

---------------  S U M M A R Y ------------

Command Line: -agentlib:jdwp=transport=dt_socket,suspend=y,address=localhost:54967 -javaagent:C:\Users\merli\eclipse\java-2019-06\eclipse\configuration\org.eclipse.osgi\226\0\.cp\lib\javaagent-shaded.jar -Dfile.encoding=Cp1252 Arith

Host: Intel(R) Core(TM) i7-8565U CPU @ 1.80GHz, 8 cores, 7G,  Windows 10 , 64 bit Build 18362 (10.0.18362.1110)
Time: Thu Nov 12 23:00:55 2020 GMT Standard Time elapsed time: 6557 seconds (0d 1h 49m 17s)

---------------  T H R E A D  ---------------

Current thread (0x000002c73032d000):  VMThread "VM Thread" [stack: 0x000000c969f00000,0x000000c96a000000] [id=14012]

Stack: [0x000000c969f00000,0x000000c96a000000],  sp=0x000000c969ffefc0,  free space=1019k
Native frames: (J=compiled Java code, j=interpreted, Vv=VM code, C=native code)
V  [jvm.dll+0x5f1e05]
V  [jvm.dll+0x5059a2]
V  [jvm.dll+0x5052b7]
V  [jvm.dll+0x78f7cc]
V  [jvm.dll+0x793637]
V  [jvm.dll+0x793e8b]
V  [jvm.dll+0x7941d7]
V  [jvm.dll+0x74a2c8]
V  [jvm.dll+0x639b16]
C  [ucrtbase.dll+0x210b2]
C  [KERNEL32.DLL+0x17c24]
C  [ntdll.dll+0x6cea1]


siginfo: EXCEPTION_ACCESS_VIOLATION (0xc0000005), writing address 0x000002c730cad366


Register to memory mapping:

RIP=0x00007ff9280c1e05 jvm.dll
RAX=0x000002c730cad350 is an unknown value
RBX=0x000002c730e9b2c0 points into unknown readable memory: 7d 00 00 00 72 00 00 00
RCX={method} {0x000002c7307dc6f0} 'main' '([Ljava/lang/String;)V' in 'Arith'
RDX=0x000002c73032d000 points into unknown readable memory: e8 25 3e 28 f9 7f 00 00
RSP=0x000000c969ffefc0 points into unknown readable memory: c0 b2 e9 30 c7 02 00 00
RBP=0x00000008011faf90 is a pointer to class: 
Arith {0x00000008011faf98}
RSI=0x000002c73032d000 points into unknown readable memory: e8 25 3e 28 f9 7f 00 00
RDI={method} {0x000002c7307dc6f0} 'main' '([Ljava/lang/String;)V' in 'Arith'
R8 =0x0000000000000001 is an unknown value
R9 =0x000000c969ffef60 points into unknown readable memory: 00 00 00 00 00 00 00 00
R10=0x0 is NULL
R11=0x000000c969ffee90 points into unknown readable memory: d8 03 00 00 00 00 00 00
R12=0x000002c730312e60 points into unknown readable memory: 41 72 69 74 68 00 00 00
R13=0x00000008011fb1a0 is a pointer to class: 
Arith {0x00000008011fb1a8}
R14=0x000002c730312e50 points into unknown readable memory: 00 00 00 00 00 00 00 00
R15=0x00000000000003d8 is an unknown value


Registers:
RAX=0x000002c730cad350, RBX=0x000002c730e9b2c0, RCX=0x000002c7307dc6e8, RDX=0x000002c73032d000
RSP=0x000000c969ffefc0, RBP=0x00000008011faf90, RSI=0x000002c73032d000, RDI=0x000002c7307dc6e8
R8 =0x0000000000000001, R9 =0x000000c969ffef60, R10=0x0000000000000000, R11=0x000000c969ffee90
R12=0x000002c730312e60, R13=0x00000008011fb1a0, R14=0x000002c730312e50, R15=0x00000000000003d8
RIP=0x00007ff9280c1e05, EFLAGS=0x0000000000010206

Top of Stack: (sp=0x000000c969ffefc0)
0x000000c969ffefc0:   000002c730e9b2c0 000002c7307e6028
0x000000c969ffefd0:   00000008011faf90 000000c969fff018
0x000000c969ffefe0:   000002c7307e6028 000002c73032d000
0x000000c969ffeff0:   000002c73032d000 000002c730318d00
0x000000c969fff000:   000002c73032d4e0 000002c73032d4f0
0x000000c969fff010:   000002c73032d5c8 00000000000000d8
0x000000c969fff020:   000000c969fff300 0000000000000038
0x000000c969fff030:   000002c7307dc6e8 00007ff927fd59a2
0x000000c969fff040:   000002c730313238 000002c730319900
0x000000c969fff050:   000000c969fff0f0 0000000000000000
0x000000c969fff060:   000000080040b410 000000080040d910
0x000000c969fff070:   000002c730e653a8 000002c73034d570
0x000000c969fff080:   000000c96a9feed0 00000000000003d8
0x000000c969fff090:   000000c96a9feef0 00007ff9283251c0
0x000000c969fff0a0:   0000000000000028 000002c73034d5a0
0x000000c969fff0b0:   000002c73034d570 00007ff9285aa800 

Instructions: (pc=0x00007ff9280c1e05)
0x00007ff9280c1d05:   24 20 c7 44 24 44 00 00 00 00 c7 44 24 38 63 00
0x00007ff9280c1d15:   00 00 e8 44 00 0d 00 8b 44 24 38 48 83 c4 58 c3
0x00007ff9280c1d25:   cc cc cc cc cc cc cc cc cc cc cc 48 89 5c 24 08
0x00007ff9280c1d35:   48 89 6c 24 10 48 89 74 24 18 57 48 83 ec 70 48
0x00007ff9280c1d45:   8b 41 08 48 8b f9 48 63 f2 4c 8b 40 08 49 8b 68
0x00007ff9280c1d55:   18 45 33 c0 41 8d 50 01 8d 4a 17 e8 9b ac ac ff
0x00007ff9280c1d65:   48 8b d8 48 85 c0 74 44 89 70 04 48 8b 47 08 0f
0x00007ff9280c1d75:   b7 48 2a 66 89 4b 08 48 8b 47 08 0f b7 48 2c 66
0x00007ff9280c1d85:   89 4b 0a 48 8b 47 08 0f b6 54 06 38 89 13 81 fa
0x00007ff9280c1d95:   ca 00 00 00 75 0c 8b d6 48 8b cf e8 1b ee ff ff
0x00007ff9280c1da5:   89 03 48 c7 43 10 00 00 00 00 eb 02 33 db 48 8b
0x00007ff9280c1db5:   85 78 01 00 00 8b 0d 44 e1 4e 00 48 89 43 10 65
0x00007ff9280c1dc5:   48 8b 04 25 58 00 00 00 48 89 9d 78 01 00 00 be
0x00007ff9280c1dd5:   08 00 00 00 48 8b 04 c8 48 63 4b 04 48 8b 34 06
0x00007ff9280c1de5:   48 8b 47 08 48 8b d6 c6 44 01 38 ca 48 8b cf e8
0x00007ff9280c1df5:   37 f7 bc ff 48 83 7e 08 00 75 09 48 85 c0 74 04
0x00007ff9280c1e05:   66 ff 40 16 ff 05 89 26 4c 00 48 8d 4c 24 30 48
0x00007ff9280c1e15:   8b d6 e8 d4 07 d7 ff 4c 8b c7 48 8d 4c 24 20 48
0x00007ff9280c1e25:   8b d6 e8 34 71 a1 ff 48 8d 4c 24 20 e8 aa b0 c0
0x00007ff9280c1e35:   ff 48 8d 4c 24 20 e8 40 06 d7 ff 48 8d 4c 24 30
0x00007ff9280c1e45:   e8 c6 05 d7 ff 4c 8d 5c 24 70 49 8b 5b 10 49 8b
0x00007ff9280c1e55:   6b 18 49 8b 73 20 49 8b e3 5f c3 48 89 5c 24 08
0x00007ff9280c1e65:   48 89 74 24 10 48 89 7c 24 18 41 56 48 83 ec 20
0x00007ff9280c1e75:   48 8b 1d 84 81 4b 00 4c 8b f2 48 8b f1 48 85 db
0x00007ff9280c1e85:   74 08 48 8b cb e8 b1 ca 01 00 4c 8b 06 49 8b 40
0x00007ff9280c1e95:   08 48 3b 05 33 c3 47 00 73 0d 48 3b 05 22 c3 47
0x00007ff9280c1ea5:   00 72 04 b2 01 eb 02 32 d2 48 8b 48 18 84 d2 74
0x00007ff9280c1eb5:   03 48 8b 09 48 85 c9 75 27 4c 8d 0d 53 59 2e 00
0x00007ff9280c1ec5:   ba 7a 04 00 00 4c 8d 05 6f 59 2e 00 48 8d 0d 08
0x00007ff9280c1ed5:   59 2e 00 e8 03 08 c7 ff e8 fe 10 04 00 4c 8b 06
0x00007ff9280c1ee5:   4d 89 70 40 49 8b ce 49 8b 06 ff 90 c8 00 00 00
0x00007ff9280c1ef5:   48 8b 0e 8b f8 48 8b 49 18 48 85 c9 74 07 e8 48 


Stack slot to memory mapping:
stack at sp + 0 slots: 0x000002c730e9b2c0 points into unknown readable memory: 7d 00 00 00 72 00 00 00
stack at sp + 1 slots: {method} {0x000002c7307e6030} 'main' '([Ljava/lang/String;)V' in 'Arith'
stack at sp + 2 slots: 0x00000008011faf90 is a pointer to class: 
Arith {0x00000008011faf98}
stack at sp + 3 slots: 0x000000c969fff018 points into unknown readable memory: d8 00 00 00 00 00 00 00
stack at sp + 4 slots: {method} {0x000002c7307e6030} 'main' '([Ljava/lang/String;)V' in 'Arith'
stack at sp + 5 slots: 0x000002c73032d000 points into unknown readable memory: e8 25 3e 28 f9 7f 00 00
stack at sp + 6 slots: 0x000002c73032d000 points into unknown readable memory: e8 25 3e 28 f9 7f 00 00
stack at sp + 7 slots: 0x000002c730318d00 points into unknown readable memory: 02 00 00 00 00 00 00 00

VM_Operation (0x000000c96a9fee80): ChangeBreakpoints, mode: safepoint, requested by thread 0x000002c730e63000


---------------  P R O C E S S  ---------------

Threads class SMR info:
_java_thread_list=0x000002c730f17fb0, length=13, elements={
0x000002c711816800, 0x000002c730330800, 0x000002c730332800, 0x000002c73034a800,
0x000002c73034f800, 0x000002c730351800, 0x000002c730359000, 0x000002c73035b800,
0x000002c730d84800, 0x000002c730e63000, 0x000002c730ee2000, 0x000002c730ef3000,
0x000002c730f2f000
}

Java Threads: ( => current thread )
  0x000002c711816800 JavaThread "main" [_thread_blocked, id=9516, stack(0x000000c969900000,0x000000c969a00000)]
  0x000002c730330800 JavaThread "Reference Handler" daemon [_thread_blocked, id=4416, stack(0x000000c96a000000,0x000000c96a100000)]
  0x000002c730332800 JavaThread "Finalizer" daemon [_thread_blocked, id=13372, stack(0x000000c96a100000,0x000000c96a200000)]
  0x000002c73034a800 JavaThread "Signal Dispatcher" daemon [_thread_blocked, id=5360, stack(0x000000c96a200000,0x000000c96a300000)]
  0x000002c73034f800 JavaThread "Attach Listener" daemon [_thread_blocked, id=12296, stack(0x000000c96a300000,0x000000c96a400000)]
  0x000002c730351800 JavaThread "C2 CompilerThread0" daemon [_thread_blocked, id=5860, stack(0x000000c96a400000,0x000000c96a500000)]
  0x000002c730359000 JavaThread "C1 CompilerThread0" daemon [_thread_blocked, id=13300, stack(0x000000c96a500000,0x000000c96a600000)]
  0x000002c73035b800 JavaThread "Sweeper thread" daemon [_thread_blocked, id=6296, stack(0x000000c96a600000,0x000000c96a700000)]
  0x000002c730d84800 JavaThread "Common-Cleaner" daemon [_thread_blocked, id=9660, stack(0x000000c96a700000,0x000000c96a800000)]
  0x000002c730e63000 JavaThread "JDWP Transport Listener: dt_socket" daemon [_thread_blocked, id=12072, stack(0x000000c96a900000,0x000000c96aa00000)]
  0x000002c730ee2000 JavaThread "JDWP Event Helper Thread" daemon [_thread_blocked, id=7984, stack(0x000000c96aa00000,0x000000c96ab00000)]
  0x000002c730ef3000 JavaThread "JDWP Command Reader" daemon [_thread_in_native, id=13072, stack(0x000000c96ab00000,0x000000c96ac00000)]
  0x000002c730f2f000 JavaThread "Service Thread" daemon [_thread_blocked, id=11864, stack(0x000000c96a800000,0x000000c96a900000)]

Other Threads:
=>0x000002c73032d000 VMThread "VM Thread" [stack: 0x000000c969f00000,0x000000c96a000000] [id=14012]
  0x000002c730f30000 WatcherThread [stack: 0x000000c96ac00000,0x000000c96ad00000] [id=14304]
  0x000002c711855800 GCTaskThread "GC Thread#0" [stack: 0x000000c969a00000,0x000000c969b00000] [id=3876]
  0x000002c711865000 ConcurrentGCThread "G1 Main Marker" [stack: 0x000000c969b00000,0x000000c969c00000] [id=4644]
  0x000002c711867800 ConcurrentGCThread "G1 Conc#0" [stack: 0x000000c969c00000,0x000000c969d00000] [id=10556]
  0x000002c7118e7800 ConcurrentGCThread "G1 Refine#0" [stack: 0x000000c969d00000,0x000000c969e00000] [id=9072]
  0x000002c7301a1000 ConcurrentGCThread "G1 Young RemSet Sampling" [stack: 0x000000c969e00000,0x000000c969f00000] [id=4524]

Threads with active compile tasks:

VM state:at safepoint (normal execution)

VM Mutex/Monitor currently owned by a thread:  ([mutex/lock_event])
[0x000002c7118130e0] Threads_lock - owner thread: 0x000002c73032d000

Heap address: 0x0000000084000000, size: 1984 MB, Compressed Oops mode: 32-bit
Narrow klass base: 0x0000000800000000, Narrow klass shift: 3
Compressed class space size: 1073741824 Address: 0x0000000801190000

Heap:
 garbage-first heap   total 126976K, used 4096K [0x0000000084000000, 0x0000000100000000)
  region size 1024K, 6 young (6144K), 0 survivors (0K)
 Metaspace       used 2734K, capacity 5037K, committed 5120K, reserved 1056768K
  class space    used 253K, capacity 443K, committed 512K, reserved 1048576K
Heap Regions: E=young(eden), S=young(survivor), O=old, HS=humongous(starts), HC=humongous(continues), CS=collection set, F=free, A=archive, TAMS=top-at-mark-start (previous, next)
|   0|0x0000000084000000, 0x0000000084000000, 0x0000000084100000|  0%| F|  |TAMS 0x0000000084000000, 0x0000000084000000| Untracked 
|   1|0x0000000084100000, 0x0000000084100000, 0x0000000084200000|  0%| F|  |TAMS 0x0000000084100000, 0x0000000084100000| Untracked 
|   2|0x0000000084200000, 0x0000000084200000, 0x0000000084300000|  0%| F|  |TAMS 0x0000000084200000, 0x0000000084200000| Untracked 
|   3|0x0000000084300000, 0x0000000084300000, 0x0000000084400000|  0%| F|  |TAMS 0x0000000084300000, 0x0000000084300000| Untracked 
|   4|0x0000000084400000, 0x0000000084400000, 0x0000000084500000|  0%| F|  |TAMS 0x0000000084400000, 0x0000000084400000| Untracked 
|   5|0x0000000084500000, 0x0000000084500000, 0x0000000084600000|  0%| F|  |TAMS 0x0000000084500000, 0x0000000084500000| Untracked 
|   6|0x0000000084600000, 0x0000000084600000, 0x0000000084700000|  0%| F|  |TAMS 0x0000000084600000, 0x0000000084600000| Untracked 
|   7|0x0000000084700000, 0x0000000084700000, 0x0000000084800000|  0%| F|  |TAMS 0x0000000084700000, 0x0000000084700000| Untracked 
|   8|0x0000000084800000, 0x0000000084800000, 0x0000000084900000|  0%| F|  |TAMS 0x0000000084800000, 0x0000000084800000| Untracked 
|   9|0x0000000084900000, 0x0000000084900000, 0x0000000084a00000|  0%| F|  |TAMS 0x0000000084900000, 0x0000000084900000| Untracked 
|  10|0x0000000084a00000, 0x0000000084a00000, 0x0000000084b00000|  0%| F|  |TAMS 0x0000000084a00000, 0x0000000084a00000| Untracked 
|  11|0x0000000084b00000, 0x0000000084b00000, 0x0000000084c00000|  0%| F|  |TAMS 0x0000000084b00000, 0x0000000084b00000| Untracked 
|  12|0x0000000084c00000, 0x0000000084c00000, 0x0000000084d00000|  0%| F|  |TAMS 0x0000000084c00000, 0x0000000084c00000| Untracked 
|  13|0x0000000084d00000, 0x0000000084d00000, 0x0000000084e00000|  0%| F|  |TAMS 0x0000000084d00000, 0x0000000084d00000| Untracked 
|  14|0x0000000084e00000, 0x0000000084e00000, 0x0000000084f00000|  0%| F|  |TAMS 0x0000000084e00000, 0x0000000084e00000| Untracked 
|  15|0x0000000084f00000, 0x0000000084f00000, 0x0000000085000000|  0%| F|  |TAMS 0x0000000084f00000, 0x0000000084f00000| Untracked 
|  16|0x0000000085000000, 0x0000000085000000, 0x0000000085100000|  0%| F|  |TAMS 0x0000000085000000, 0x0000000085000000| Untracked 
|  17|0x0000000085100000, 0x0000000085100000, 0x0000000085200000|  0%| F|  |TAMS 0x0000000085100000, 0x0000000085100000| Untracked 
|  18|0x0000000085200000, 0x0000000085200000, 0x0000000085300000|  0%| F|  |TAMS 0x0000000085200000, 0x0000000085200000| Untracked 
|  19|0x0000000085300000, 0x0000000085300000, 0x0000000085400000|  0%| F|  |TAMS 0x0000000085300000, 0x0000000085300000| Untracked 
|  20|0x0000000085400000, 0x0000000085400000, 0x0000000085500000|  0%| F|  |TAMS 0x0000000085400000, 0x0000000085400000| Untracked 
|  21|0x0000000085500000, 0x0000000085500000, 0x0000000085600000|  0%| F|  |TAMS 0x0000000085500000, 0x0000000085500000| Untracked 
|  22|0x0000000085600000, 0x0000000085600000, 0x0000000085700000|  0%| F|  |TAMS 0x0000000085600000, 0x0000000085600000| Untracked 
|  23|0x0000000085700000, 0x0000000085700000, 0x0000000085800000|  0%| F|  |TAMS 0x0000000085700000, 0x0000000085700000| Untracked 
|  24|0x0000000085800000, 0x0000000085800000, 0x0000000085900000|  0%| F|  |TAMS 0x0000000085800000, 0x0000000085800000| Untracked 
|  25|0x0000000085900000, 0x0000000085900000, 0x0000000085a00000|  0%| F|  |TAMS 0x0000000085900000, 0x0000000085900000| Untracked 
|  26|0x0000000085a00000, 0x0000000085a00000, 0x0000000085b00000|  0%| F|  |TAMS 0x0000000085a00000, 0x0000000085a00000| Untracked 
|  27|0x0000000085b00000, 0x0000000085b00000, 0x0000000085c00000|  0%| F|  |TAMS 0x0000000085b00000, 0x0000000085b00000| Untracked 
|  28|0x0000000085c00000, 0x0000000085c00000, 0x0000000085d00000|  0%| F|  |TAMS 0x0000000085c00000, 0x0000000085c00000| Untracked 
|  29|0x0000000085d00000, 0x0000000085d00000, 0x0000000085e00000|  0%| F|  |TAMS 0x0000000085d00000, 0x0000000085d00000| Untracked 
|  30|0x0000000085e00000, 0x0000000085e00000, 0x0000000085f00000|  0%| F|  |TAMS 0x0000000085e00000, 0x0000000085e00000| Untracked 
|  31|0x0000000085f00000, 0x0000000085f00000, 0x0000000086000000|  0%| F|  |TAMS 0x0000000085f00000, 0x0000000085f00000| Untracked 
|  32|0x0000000086000000, 0x0000000086000000, 0x0000000086100000|  0%| F|  |TAMS 0x0000000086000000, 0x0000000086000000| Untracked 
|  33|0x0000000086100000, 0x0000000086100000, 0x0000000086200000|  0%| F|  |TAMS 0x0000000086100000, 0x0000000086100000| Untracked 
|  34|0x0000000086200000, 0x0000000086200000, 0x0000000086300000|  0%| F|  |TAMS 0x0000000086200000, 0x0000000086200000| Untracked 
|  35|0x0000000086300000, 0x0000000086300000, 0x0000000086400000|  0%| F|  |TAMS 0x0000000086300000, 0x0000000086300000| Untracked 
|  36|0x0000000086400000, 0x0000000086400000, 0x0000000086500000|  0%| F|  |TAMS 0x0000000086400000, 0x0000000086400000| Untracked 
|  37|0x0000000086500000, 0x0000000086500000, 0x0000000086600000|  0%| F|  |TAMS 0x0000000086500000, 0x0000000086500000| Untracked 
|  38|0x0000000086600000, 0x0000000086600000, 0x0000000086700000|  0%| F|  |TAMS 0x0000000086600000, 0x0000000086600000| Untracked 
|  39|0x0000000086700000, 0x0000000086700000, 0x0000000086800000|  0%| F|  |TAMS 0x0000000086700000, 0x0000000086700000| Untracked 
|  40|0x0000000086800000, 0x0000000086800000, 0x0000000086900000|  0%| F|  |TAMS 0x0000000086800000, 0x0000000086800000| Untracked 
|  41|0x0000000086900000, 0x0000000086900000, 0x0000000086a00000|  0%| F|  |TAMS 0x0000000086900000, 0x0000000086900000| Untracked 
|  42|0x0000000086a00000, 0x0000000086a00000, 0x0000000086b00000|  0%| F|  |TAMS 0x0000000086a00000, 0x0000000086a00000| Untracked 
|  43|0x0000000086b00000, 0x0000000086b00000, 0x0000000086c00000|  0%| F|  |TAMS 0x0000000086b00000, 0x0000000086b00000| Untracked 
|  44|0x0000000086c00000, 0x0000000086c00000, 0x0000000086d00000|  0%| F|  |TAMS 0x0000000086c00000, 0x0000000086c00000| Untracked 
|  45|0x0000000086d00000, 0x0000000086d00000, 0x0000000086e00000|  0%| F|  |TAMS 0x0000000086d00000, 0x0000000086d00000| Untracked 
|  46|0x0000000086e00000, 0x0000000086e00000, 0x0000000086f00000|  0%| F|  |TAMS 0x0000000086e00000, 0x0000000086e00000| Untracked 
|  47|0x0000000086f00000, 0x0000000086f00000, 0x0000000087000000|  0%| F|  |TAMS 0x0000000086f00000, 0x0000000086f00000| Untracked 
|  48|0x0000000087000000, 0x0000000087000000, 0x0000000087100000|  0%| F|  |TAMS 0x0000000087000000, 0x0000000087000000| Untracked 
|  49|0x0000000087100000, 0x0000000087100000, 0x0000000087200000|  0%| F|  |TAMS 0x0000000087100000, 0x0000000087100000| Untracked 
|  50|0x0000000087200000, 0x0000000087200000, 0x0000000087300000|  0%| F|  |TAMS 0x0000000087200000, 0x0000000087200000| Untracked 
|  51|0x0000000087300000, 0x0000000087300000, 0x0000000087400000|  0%| F|  |TAMS 0x0000000087300000, 0x0000000087300000| Untracked 
|  52|0x0000000087400000, 0x0000000087400000, 0x0000000087500000|  0%| F|  |TAMS 0x0000000087400000, 0x0000000087400000| Untracked 
|  53|0x0000000087500000, 0x0000000087500000, 0x0000000087600000|  0%| F|  |TAMS 0x0000000087500000, 0x0000000087500000| Untracked 
|  54|0x0000000087600000, 0x0000000087600000, 0x0000000087700000|  0%| F|  |TAMS 0x0000000087600000, 0x0000000087600000| Untracked 
|  55|0x0000000087700000, 0x0000000087700000, 0x0000000087800000|  0%| F|  |TAMS 0x0000000087700000, 0x0000000087700000| Untracked 
|  56|0x0000000087800000, 0x0000000087800000, 0x0000000087900000|  0%| F|  |TAMS 0x0000000087800000, 0x0000000087800000| Untracked 
|  57|0x0000000087900000, 0x0000000087900000, 0x0000000087a00000|  0%| F|  |TAMS 0x0000000087900000, 0x0000000087900000| Untracked 
|  58|0x0000000087a00000, 0x0000000087a00000, 0x0000000087b00000|  0%| F|  |TAMS 0x0000000087a00000, 0x0000000087a00000| Untracked 
|  59|0x0000000087b00000, 0x0000000087b00000, 0x0000000087c00000|  0%| F|  |TAMS 0x0000000087b00000, 0x0000000087b00000| Untracked 
|  60|0x0000000087c00000, 0x0000000087c00000, 0x0000000087d00000|  0%| F|  |TAMS 0x0000000087c00000, 0x0000000087c00000| Untracked 
|  61|0x0000000087d00000, 0x0000000087d00000, 0x0000000087e00000|  0%| F|  |TAMS 0x0000000087d00000, 0x0000000087d00000| Untracked 
|  62|0x0000000087e00000, 0x0000000087e00000, 0x0000000087f00000|  0%| F|  |TAMS 0x0000000087e00000, 0x0000000087e00000| Untracked 
|  63|0x0000000087f00000, 0x0000000087f00000, 0x0000000088000000|  0%| F|  |TAMS 0x0000000087f00000, 0x0000000087f00000| Untracked 
|  64|0x0000000088000000, 0x0000000088000000, 0x0000000088100000|  0%| F|  |TAMS 0x0000000088000000, 0x0000000088000000| Untracked 
|  65|0x0000000088100000, 0x0000000088100000, 0x0000000088200000|  0%| F|  |TAMS 0x0000000088100000, 0x0000000088100000| Untracked 
|  66|0x0000000088200000, 0x0000000088200000, 0x0000000088300000|  0%| F|  |TAMS 0x0000000088200000, 0x0000000088200000| Untracked 
|  67|0x0000000088300000, 0x0000000088300000, 0x0000000088400000|  0%| F|  |TAMS 0x0000000088300000, 0x0000000088300000| Untracked 
|  68|0x0000000088400000, 0x0000000088400000, 0x0000000088500000|  0%| F|  |TAMS 0x0000000088400000, 0x0000000088400000| Untracked 
|  69|0x0000000088500000, 0x0000000088500000, 0x0000000088600000|  0%| F|  |TAMS 0x0000000088500000, 0x0000000088500000| Untracked 
|  70|0x0000000088600000, 0x0000000088600000, 0x0000000088700000|  0%| F|  |TAMS 0x0000000088600000, 0x0000000088600000| Untracked 
|  71|0x0000000088700000, 0x0000000088700000, 0x0000000088800000|  0%| F|  |TAMS 0x0000000088700000, 0x0000000088700000| Untracked 
|  72|0x0000000088800000, 0x0000000088800000, 0x0000000088900000|  0%| F|  |TAMS 0x0000000088800000, 0x0000000088800000| Untracked 
|  73|0x0000000088900000, 0x0000000088900000, 0x0000000088a00000|  0%| F|  |TAMS 0x0000000088900000, 0x0000000088900000| Untracked 
|  74|0x0000000088a00000, 0x0000000088a00000, 0x0000000088b00000|  0%| F|  |TAMS 0x0000000088a00000, 0x0000000088a00000| Untracked 
|  75|0x0000000088b00000, 0x0000000088b00000, 0x0000000088c00000|  0%| F|  |TAMS 0x0000000088b00000, 0x0000000088b00000| Untracked 
|  76|0x0000000088c00000, 0x0000000088c00000, 0x0000000088d00000|  0%| F|  |TAMS 0x0000000088c00000, 0x0000000088c00000| Untracked 
|  77|0x0000000088d00000, 0x0000000088d00000, 0x0000000088e00000|  0%| F|  |TAMS 0x0000000088d00000, 0x0000000088d00000| Untracked 
|  78|0x0000000088e00000, 0x0000000088e00000, 0x0000000088f00000|  0%| F|  |TAMS 0x0000000088e00000, 0x0000000088e00000| Untracked 
|  79|0x0000000088f00000, 0x0000000088f00000, 0x0000000089000000|  0%| F|  |TAMS 0x0000000088f00000, 0x0000000088f00000| Untracked 
|  80|0x0000000089000000, 0x0000000089000000, 0x0000000089100000|  0%| F|  |TAMS 0x0000000089000000, 0x0000000089000000| Untracked 
|  81|0x0000000089100000, 0x0000000089100000, 0x0000000089200000|  0%| F|  |TAMS 0x0000000089100000, 0x0000000089100000| Untracked 
|  82|0x0000000089200000, 0x0000000089200000, 0x0000000089300000|  0%| F|  |TAMS 0x0000000089200000, 0x0000000089200000| Untracked 
|  83|0x0000000089300000, 0x0000000089300000, 0x0000000089400000|  0%| F|  |TAMS 0x0000000089300000, 0x0000000089300000| Untracked 
|  84|0x0000000089400000, 0x0000000089400000, 0x0000000089500000|  0%| F|  |TAMS 0x0000000089400000, 0x0000000089400000| Untracked 
|  85|0x0000000089500000, 0x0000000089500000, 0x0000000089600000|  0%| F|  |TAMS 0x0000000089500000, 0x0000000089500000| Untracked 
|  86|0x0000000089600000, 0x0000000089600000, 0x0000000089700000|  0%| F|  |TAMS 0x0000000089600000, 0x0000000089600000| Untracked 
|  87|0x0000000089700000, 0x0000000089700000, 0x0000000089800000|  0%| F|  |TAMS 0x0000000089700000, 0x0000000089700000| Untracked 
|  88|0x0000000089800000, 0x0000000089800000, 0x0000000089900000|  0%| F|  |TAMS 0x0000000089800000, 0x0000000089800000| Untracked 
|  89|0x0000000089900000, 0x0000000089900000, 0x0000000089a00000|  0%| F|  |TAMS 0x0000000089900000, 0x0000000089900000| Untracked 
|  90|0x0000000089a00000, 0x0000000089a00000, 0x0000000089b00000|  0%| F|  |TAMS 0x0000000089a00000, 0x0000000089a00000| Untracked 
|  91|0x0000000089b00000, 0x0000000089b00000, 0x0000000089c00000|  0%| F|  |TAMS 0x0000000089b00000, 0x0000000089b00000| Untracked 
|  92|0x0000000089c00000, 0x0000000089c00000, 0x0000000089d00000|  0%| F|  |TAMS 0x0000000089c00000, 0x0000000089c00000| Untracked 
|  93|0x0000000089d00000, 0x0000000089d00000, 0x0000000089e00000|  0%| F|  |TAMS 0x0000000089d00000, 0x0000000089d00000| Untracked 
|  94|0x0000000089e00000, 0x0000000089e00000, 0x0000000089f00000|  0%| F|  |TAMS 0x0000000089e00000, 0x0000000089e00000| Untracked 
|  95|0x0000000089f00000, 0x0000000089f00000, 0x000000008a000000|  0%| F|  |TAMS 0x0000000089f00000, 0x0000000089f00000| Untracked 
|  96|0x000000008a000000, 0x000000008a000000, 0x000000008a100000|  0%| F|  |TAMS 0x000000008a000000, 0x000000008a000000| Untracked 
|  97|0x000000008a100000, 0x000000008a100000, 0x000000008a200000|  0%| F|  |TAMS 0x000000008a100000, 0x000000008a100000| Untracked 
|  98|0x000000008a200000, 0x000000008a200000, 0x000000008a300000|  0%| F|  |TAMS 0x000000008a200000, 0x000000008a200000| Untracked 
|  99|0x000000008a300000, 0x000000008a300000, 0x000000008a400000|  0%| F|  |TAMS 0x000000008a300000, 0x000000008a300000| Untracked 
| 100|0x000000008a400000, 0x000000008a400000, 0x000000008a500000|  0%| F|  |TAMS 0x000000008a400000, 0x000000008a400000| Untracked 
| 101|0x000000008a500000, 0x000000008a500000, 0x000000008a600000|  0%| F|  |TAMS 0x000000008a500000, 0x000000008a500000| Untracked 
| 102|0x000000008a600000, 0x000000008a600000, 0x000000008a700000|  0%| F|  |TAMS 0x000000008a600000, 0x000000008a600000| Untracked 
| 103|0x000000008a700000, 0x000000008a700000, 0x000000008a800000|  0%| F|  |TAMS 0x000000008a700000, 0x000000008a700000| Untracked 
| 104|0x000000008a800000, 0x000000008a800000, 0x000000008a900000|  0%| F|  |TAMS 0x000000008a800000, 0x000000008a800000| Untracked 
| 105|0x000000008a900000, 0x000000008a900000, 0x000000008aa00000|  0%| F|  |TAMS 0x000000008a900000, 0x000000008a900000| Untracked 
| 106|0x000000008aa00000, 0x000000008aa00000, 0x000000008ab00000|  0%| F|  |TAMS 0x000000008aa00000, 0x000000008aa00000| Untracked 
| 107|0x000000008ab00000, 0x000000008ab00000, 0x000000008ac00000|  0%| F|  |TAMS 0x000000008ab00000, 0x000000008ab00000| Untracked 
| 108|0x000000008ac00000, 0x000000008ac00000, 0x000000008ad00000|  0%| F|  |TAMS 0x000000008ac00000, 0x000000008ac00000| Untracked 
| 109|0x000000008ad00000, 0x000000008ad00000, 0x000000008ae00000|  0%| F|  |TAMS 0x000000008ad00000, 0x000000008ad00000| Untracked 
| 110|0x000000008ae00000, 0x000000008ae00000, 0x000000008af00000|  0%| F|  |TAMS 0x000000008ae00000, 0x000000008ae00000| Untracked 
| 111|0x000000008af00000, 0x000000008af00000, 0x000000008b000000|  0%| F|  |TAMS 0x000000008af00000, 0x000000008af00000| Untracked 
| 112|0x000000008b000000, 0x000000008b000000, 0x000000008b100000|  0%| F|  |TAMS 0x000000008b000000, 0x000000008b000000| Untracked 
| 113|0x000000008b100000, 0x000000008b100000, 0x000000008b200000|  0%| F|  |TAMS 0x000000008b100000, 0x000000008b100000| Untracked 
| 114|0x000000008b200000, 0x000000008b200000, 0x000000008b300000|  0%| F|  |TAMS 0x000000008b200000, 0x000000008b200000| Untracked 
| 115|0x000000008b300000, 0x000000008b300000, 0x000000008b400000|  0%| F|  |TAMS 0x000000008b300000, 0x000000008b300000| Untracked 
| 116|0x000000008b400000, 0x000000008b400000, 0x000000008b500000|  0%| F|  |TAMS 0x000000008b400000, 0x000000008b400000| Untracked 
| 117|0x000000008b500000, 0x000000008b500000, 0x000000008b600000|  0%| F|  |TAMS 0x000000008b500000, 0x000000008b500000| Untracked 
| 118|0x000000008b600000, 0x000000008b67b660, 0x000000008b700000| 48%| E|  |TAMS 0x000000008b600000, 0x000000008b600000| Complete 
| 119|0x000000008b700000, 0x000000008b800000, 0x000000008b800000|100%| E|CS|TAMS 0x000000008b700000, 0x000000008b700000| Complete 
| 120|0x000000008b800000, 0x000000008b900000, 0x000000008b900000|100%| E|CS|TAMS 0x000000008b800000, 0x000000008b800000| Complete 
| 121|0x000000008b900000, 0x000000008ba00000, 0x000000008ba00000|100%| E|  |TAMS 0x000000008b900000, 0x000000008b900000| Complete 
| 122|0x000000008ba00000, 0x000000008bb00000, 0x000000008bb00000|100%| E|CS|TAMS 0x000000008ba00000, 0x000000008ba00000| Complete 
| 123|0x000000008bb00000, 0x000000008bc00000, 0x000000008bc00000|100%| E|CS|TAMS 0x000000008bb00000, 0x000000008bb00000| Complete 

Card table byte_map: [0x000002c729340000,0x000002c729720000] _byte_map_base: 0x000002c728f20000

Marking Bits (Prev, Next): (CMBitMap*) 0x000002c7118579d8, (CMBitMap*) 0x000002c711857a18
 Prev Bits: [0x000002c729b00000, 0x000002c72ba00000)
 Next Bits: [0x000002c72ba00000, 0x000002c72d900000)

Polling page: 0x000002c70f6f0000

Metaspace:

Usage:
  Non-class:      4.49 MB capacity,     2.42 MB ( 54%) used,     2.06 MB ( 46%) free+waste,     2.88 KB ( <1%) overhead. 
      Class:    443.00 KB capacity,   253.55 KB ( 57%) used,   187.88 KB ( 42%) free+waste,     1.56 KB ( <1%) overhead. 
       Both:      4.92 MB capacity,     2.67 MB ( 54%) used,     2.24 MB ( 46%) free+waste,     4.44 KB ( <1%) overhead. 

Virtual space:
  Non-class space:        8.00 MB reserved,       4.50 MB ( 56%) committed 
      Class space:        1.00 GB reserved,     512.00 KB ( <1%) committed 
             Both:        1.01 GB reserved,       5.00 MB ( <1%) committed 

Chunk freelists:
   Non-Class:  1.75 KB
       Class:  640 bytes
        Both:  2.38 KB

CodeHeap 'non-profiled nmethods': size=120000Kb used=129Kb max_used=129Kb free=119870Kb
 bounds [0x000002c7216f0000, 0x000002c721960000, 0x000002c728c20000]
CodeHeap 'profiled nmethods': size=120000Kb used=781Kb max_used=825Kb free=119218Kb
 bounds [0x000002c71a1c0000, 0x000002c71a430000, 0x000002c7216f0000]
CodeHeap 'non-nmethods': size=5760Kb used=1159Kb max_used=1173Kb free=4600Kb
 bounds [0x000002c719c20000, 0x000002c719e90000, 0x000002c71a1c0000]
 total_blobs=915 nmethods=404 adapters=273
 compilation: enabled
              stopped_count=0, restarted_count=0
 full_count=0

Compilation events (10 events):
Event: 2972.669 Thread 0x000002c730351800  440       4       org.eclipse.jdt.launching.internal.org.objectweb.asm.ClassReader::readInt (52 bytes)
Event: 2972.674 Thread 0x000002c730351800 nmethod 440 0x000002c72170fa10 code [0x000002c72170fbc0, 0x000002c72170fcf8]
Event: 2977.695 Thread 0x000002c730351800  441       4       org.eclipse.jdt.launching.internal.org.objectweb.asm.ClassReader::readUtf (44 bytes)
Event: 2977.695 Thread 0x000002c730359000  442       3       org.eclipse.jdt.launching.internal.org.objectweb.asm.ClassReader::readVerificationTypeInfo (184 bytes)
Event: 2977.702 Thread 0x000002c730359000 nmethod 442 0x000002c71a28e490 code [0x000002c71a28e7e0, 0x000002c71a290570]
Event: 2977.702 Thread 0x000002c730359000  444       3       org.eclipse.jdt.launching.internal.org.objectweb.asm.MethodWriter::putFrameType (83 bytes)
Event: 2977.703 Thread 0x000002c730359000 nmethod 444 0x000002c71a1c0010 code [0x000002c71a1c0280, 0x000002c71a1c0c60]
Event: 2977.703 Thread 0x000002c730359000  443       3       org.eclipse.jdt.launching.internal.org.objectweb.asm.MethodWriter::visitTypeInsn (116 bytes)
Event: 2977.703 Thread 0x000002c730351800 nmethod 441 0x000002c72170fe10 code [0x000002c72170ffc0, 0x000002c721710368]
Event: 2977.703 Thread 0x000002c730359000 nmethod 443 0x000002c71a1c2d90 code [0x000002c71a1c2fa0, 0x000002c71a1c34b0]

GC Heap History (0 events):
No events

Deoptimization events (3 events):
Event: 0.499 Thread 0x000002c711816800 Uncommon trap: reason=class_check action=maybe_recompile pc=0x000002c7216fde30 method=java.util.HashMap.putVal(ILjava/lang/Object;Ljava/lang/Object;ZZ)Ljava/lang/Object; @ 152 c2
Event: 0.535 Thread 0x000002c711816800 Uncommon trap: reason=unstable_if action=reinterpret pc=0x000002c7216fdf38 method=java.util.HashMap.putVal(ILjava/lang/Object;Ljava/lang/Object;ZZ)Ljava/lang/Object; @ 181 c2
Event: 0.703 Thread 0x000002c711816800 Uncommon trap: reason=unstable_if action=reinterpret pc=0x000002c7216fe8a8 method=java.lang.String.isLatin1()Z @ 10 c2

Classes redefined (10 events):
Event: 2939.108 Thread 0x000002c73032d000 redefined class name=Arith, count=19
Event: 2951.546 Thread 0x000002c73032d000 redefined class name=Arith, count=20
Event: 2959.709 Thread 0x000002c73032d000 redefined class name=Arith, count=21
Event: 2972.673 Thread 0x000002c73032d000 redefined class name=Arith, count=22
Event: 2977.701 Thread 0x000002c73032d000 redefined class name=Arith, count=23
Event: 3589.315 Thread 0x000002c73032d000 redefined class name=Arith, count=24
Event: 5250.381 Thread 0x000002c73032d000 redefined class name=Arith, count=25
Event: 5319.040 Thread 0x000002c73032d000 redefined class name=Arith, count=26
Event: 5330.069 Thread 0x000002c73032d000 redefined class name=Arith, count=27
Event: 6557.928 Thread 0x000002c73032d000 redefined class name=Arith, count=28

Internal exceptions (0 events):
No events

Events (10 events):
Event: 5330.436 Executing VM operation: GetCurrentContendedMonitor done
Event: 6557.925 Executing VM operation: RedefineClasses
Event: 6557.928 Executing VM operation: RedefineClasses done
Event: 6557.933 Executing VM operation: ChangeBreakpoints
Event: 6557.933 Executing VM operation: ChangeBreakpoints done
Event: 6557.937 Executing VM operation: ChangeBreakpoints
Event: 6557.937 Executing VM operation: ChangeBreakpoints done
Event: 6557.940 Executing VM operation: ChangeBreakpoints
Event: 6557.940 Executing VM operation: ChangeBreakpoints done
Event: 6557.944 Executing VM operation: ChangeBreakpoints


Dynamic libraries:
0x00007ff61fc90000 - 0x00007ff61fc9f000 	C:\Program Files\Java\jdk-12.0.2\bin\javaw.exe
0x00007ff93bfe0000 - 0x00007ff93c1d0000 	C:\Windows\SYSTEM32\ntdll.dll
0x00007ff93b520000 - 0x00007ff93b5d2000 	C:\Windows\System32\KERNEL32.DLL
0x00007ff939de0000 - 0x00007ff93a085000 	C:\Windows\System32\KERNELBASE.dll
0x00007ff9391b0000 - 0x00007ff9392aa000 	C:\Windows\System32\ucrtbase.dll
0x00007ff929960000 - 0x00007ff929976000 	C:\Program Files\Java\jdk-12.0.2\bin\VCRUNTIME140.dll
0x00007ff92a0b0000 - 0x00007ff92a0c8000 	C:\Program Files\Java\jdk-12.0.2\bin\jli.dll
0x00007ff93a7e0000 - 0x00007ff93a883000 	C:\Windows\System32\ADVAPI32.dll
0x00007ff93a1b0000 - 0x00007ff93a24e000 	C:\Windows\System32\msvcrt.dll
0x00007ff93b5e0000 - 0x00007ff93b677000 	C:\Windows\System32\sechost.dll
0x00007ff93a090000 - 0x00007ff93a1b0000 	C:\Windows\System32\RPCRT4.dll
0x00007ff93b340000 - 0x00007ff93b4d4000 	C:\Windows\System32\USER32.dll
0x00007ff938f70000 - 0x00007ff938f91000 	C:\Windows\System32\win32u.dll
0x00007ff920470000 - 0x00007ff9206f4000 	C:\Windows\WinSxS\amd64_microsoft.windows.common-controls_6595b64144ccf1df_6.0.18362.1139_none_9e7bf2d3e4605ac6\COMCTL32.dll
0x00007ff93a330000 - 0x00007ff93a356000 	C:\Windows\System32\GDI32.dll
0x00007ff93af90000 - 0x00007ff93b2c5000 	C:\Windows\System32\combase.dll
0x00007ff938fc0000 - 0x00007ff939156000 	C:\Windows\System32\gdi32full.dll
0x00007ff939cc0000 - 0x00007ff939d5e000 	C:\Windows\System32\msvcp_win.dll
0x00007ff939d60000 - 0x00007ff939de0000 	C:\Windows\System32\bcryptPrimitives.dll
0x00007ff930430000 - 0x00007ff93043a000 	C:\Windows\SYSTEM32\VERSION.dll
0x00007ff93b4f0000 - 0x00007ff93b51e000 	C:\Windows\System32\IMM32.DLL
0x00007ff928f10000 - 0x00007ff928fba000 	C:\Program Files\Java\jdk-12.0.2\bin\msvcp140.dll
0x00007ff927ad0000 - 0x00007ff928647000 	C:\Program Files\Java\jdk-12.0.2\bin\server\jvm.dll
0x00007ff93b830000 - 0x00007ff93b838000 	C:\Windows\System32\PSAPI.DLL
0x00007ff925af0000 - 0x00007ff925af9000 	C:\Windows\SYSTEM32\WSOCK32.dll
0x00007ff935b10000 - 0x00007ff935b34000 	C:\Windows\SYSTEM32\WINMM.dll
0x00007ff93b840000 - 0x00007ff93b8af000 	C:\Windows\System32\WS2_32.dll
0x00007ff935ae0000 - 0x00007ff935b0d000 	C:\Windows\SYSTEM32\winmmbase.dll
0x00007ff939160000 - 0x00007ff9391aa000 	C:\Windows\System32\cfgmgr32.dll
0x00007ff938f00000 - 0x00007ff938f11000 	C:\Windows\System32\kernel.appcore.dll
0x00007ff9357c0000 - 0x00007ff9357d1000 	C:\Program Files\Java\jdk-12.0.2\bin\verify.dll
0x00007ff92c180000 - 0x00007ff92c374000 	C:\Windows\SYSTEM32\DBGHELP.DLL
0x00007ff91ea00000 - 0x00007ff91ea2a000 	C:\Windows\SYSTEM32\dbgcore.DLL
0x00007ff92b0b0000 - 0x00007ff92b0d6000 	C:\Program Files\Java\jdk-12.0.2\bin\java.dll
0x00007ff929440000 - 0x00007ff929478000 	C:\Program Files\Java\jdk-12.0.2\bin\jdwp.dll
0x00007ff92b050000 - 0x00007ff92b05e000 	C:\Program Files\Java\jdk-12.0.2\bin\instrument.dll
0x00007ff92b090000 - 0x00007ff92b0a7000 	C:\Program Files\Java\jdk-12.0.2\bin\zip.dll
0x00007ff9324d0000 - 0x00007ff9324da000 	C:\Program Files\Java\jdk-12.0.2\bin\jimage.dll
0x00007ff93b8b0000 - 0x00007ff93bf97000 	C:\Windows\System32\SHELL32.dll
0x00007ff93a3c0000 - 0x00007ff93a469000 	C:\Windows\System32\shcore.dll
0x00007ff9394e0000 - 0x00007ff939c60000 	C:\Windows\System32\windows.storage.dll
0x00007ff938f20000 - 0x00007ff938f43000 	C:\Windows\System32\profapi.dll
0x00007ff938eb0000 - 0x00007ff938efa000 	C:\Windows\System32\powrprof.dll
0x00007ff938ea0000 - 0x00007ff938eb0000 	C:\Windows\System32\UMPDC.dll
0x00007ff93a540000 - 0x00007ff93a592000 	C:\Windows\System32\shlwapi.dll
0x00007ff938fa0000 - 0x00007ff938fb7000 	C:\Windows\System32\cryptsp.dll
0x00007ff92afd0000 - 0x00007ff92afda000 	C:\Program Files\Java\jdk-12.0.2\bin\dt_socket.dll
0x00007ff9386f0000 - 0x00007ff938757000 	C:\Windows\System32\mswsock.dll
0x00007ff938440000 - 0x00007ff93850b000 	C:\Windows\SYSTEM32\DNSAPI.dll
0x00007ff93b4e0000 - 0x00007ff93b4e8000 	C:\Windows\System32\NSI.dll
0x00007ff938400000 - 0x00007ff93843a000 	C:\Windows\SYSTEM32\IPHLPAPI.DLL
0x000000005e980000 - 0x000000005e98a000 	C:\Program Files\National Instruments\Shared\mDNS Responder\nimdnsNSP.dll
0x000000005e970000 - 0x000000005e980000 	C:\Windows\SYSTEM32\nimdnsResponder.dll
0x00007ff931020000 - 0x00007ff931097000 	C:\Windows\System32\fwpuclnt.dll
0x00007ff9392b0000 - 0x00007ff9392d6000 	C:\Windows\System32\bcrypt.dll
0x00007ff930420000 - 0x00007ff93042a000 	C:\Windows\System32\rasadhlp.dll
0x00007ff92af80000 - 0x00007ff92af99000 	C:\Program Files\Java\jdk-12.0.2\bin\net.dll
0x00007ff934a00000 - 0x00007ff934af0000 	C:\Windows\SYSTEM32\WINHTTP.dll
0x00007ff926140000 - 0x00007ff926316000 	C:\Windows\SYSTEM32\urlmon.dll
0x00007ff925e90000 - 0x00007ff926137000 	C:\Windows\SYSTEM32\iertutil.dll
0x00007ff9388c0000 - 0x00007ff9388cc000 	C:\Windows\SYSTEM32\CRYPTBASE.DLL
0x00007ff92af40000 - 0x00007ff92af53000 	C:\Program Files\Java\jdk-12.0.2\bin\nio.dll

dbghelp: loaded successfully - version: 4.0.5 - missing functions: none
symbol engine: initialized successfully - sym options: 0x614 - pdb path: .;C:\Program Files\Java\jdk-12.0.2\bin;C:\Windows\SYSTEM32;C:\Windows\WinSxS\amd64_microsoft.windows.common-controls_6595b64144ccf1df_6.0.18362.1139_none_9e7bf2d3e4605ac6;C:\Program Files\Java\jdk-12.0.2\bin\server;C:\Program Files\National Instruments\Shared\mDNS Responder

VM Arguments:
jvm_args: -agentlib:jdwp=transport=dt_socket,suspend=y,address=localhost:54967 -javaagent:C:\Users\merli\eclipse\java-2019-06\eclipse\configuration\org.eclipse.osgi\226\0\.cp\lib\javaagent-shaded.jar -Dfile.encoding=Cp1252 
java_command: Arith
java_class_path (initial): C:\Users\merli\eclipse-workspace\Arith\bin
Launcher Type: SUN_STANDARD

[Global flags]
     intx CICompilerCount                          = 4                                         {product} {ergonomic}
     uint ConcGCThreads                            = 2                                         {product} {ergonomic}
     uint G1ConcRefinementThreads                  = 8                                         {product} {ergonomic}
   size_t G1HeapRegionSize                         = 1048576                                   {product} {ergonomic}
    uintx GCDrainStackTargetSize                   = 64                                        {product} {ergonomic}
   size_t InitialHeapSize                          = 130023424                                 {product} {ergonomic}
   size_t MarkStackSize                            = 4194304                                   {product} {ergonomic}
   size_t MaxHeapSize                              = 2080374784                                {product} {ergonomic}
   size_t MaxNewSize                               = 1247805440                                {product} {ergonomic}
   size_t MinHeapDeltaBytes                        = 1048576                                   {product} {ergonomic}
    uintx NonNMethodCodeHeapSize                   = 5836300                                {pd product} {ergonomic}
    uintx NonProfiledCodeHeapSize                  = 122910970                              {pd product} {ergonomic}
    uintx ProfiledCodeHeapSize                     = 122910970                              {pd product} {ergonomic}
    uintx ReservedCodeCacheSize                    = 251658240                              {pd product} {ergonomic}
     bool SegmentedCodeCache                       = true                                      {product} {ergonomic}
     bool UseCompressedClassPointers               = true                                 {lp64_product} {ergonomic}
     bool UseCompressedOops                        = true                                 {lp64_product} {ergonomic}
     bool UseG1GC                                  = true                                      {product} {ergonomic}
     bool UseLargePagesIndividualAllocation        = false                                  {pd product} {ergonomic}

Logging:
Log output configuration:
 #0: stdout all=warning uptime,level,tags
 #1: stderr all=off uptime,level,tags

Environment Variables:
PATH=C:/Program Files/Java/jdk-12.0.2/bin/server;C:/Program Files/Java/jdk-12.0.2/bin;C:\Windows\system32;C:\Windows;C:\Windows\System32\Wbem;C:\Windows\System32\WindowsPowerShell\v1.0\;C:\Windows\System32\OpenSSH\;C:\Program Files (x86)\Calibre2\;C:\Program Files\MATLAB\R2019b\bin;C:\Program Files\TortoiseSVN\bin;C:\Users\merli\AppData\Local\Microsoft\WindowsApps;;C:\Users\merli\AppData\Local\Programs\Microsoft VS Code\bin;C:\Users\merli\OneDrive\Desktop;
USERNAME=merli
OS=Windows_NT
PROCESSOR_IDENTIFIER=Intel64 Family 6 Model 142 Stepping 12, GenuineIntel



---------------  S Y S T E M  ---------------

OS: Windows 10 , 64 bit Build 18362 (10.0.18362.1110)

CPU:total 8 (initial active 8) (4 cores per cpu, 2 threads per core) family 6 model 142 stepping 12, cmov, cx8, fxsr, mmx, sse, sse2, sse3, ssse3, sse4.1, sse4.2, popcnt, avx, avx2, aes, clmul, erms, 3dnowpref, lzcnt, ht, tsc, tscinvbit, bmi1, bmi2, adx, fma

Memory: 4k page, system-wide physical 7933M (3033M free)
TotalPageFile size 11261M (AvailPageFile size 3947M)
current process WorkingSet (physical memory assigned to process): 31M, peak: 48M
current process commit charge ("private bytes"): 217M, peak: 225M

vm_info: Java HotSpot(TM) 64-Bit Server VM (12.0.2+10) for windows-amd64 JRE (12.0.2+10), built on Jul 16 2019 01:56:17 by "mach5one" with MS VC++ 15.5 (VS2017)

END.
